Command line
python /Users/anthojen/opt/anaconda3/envs/NLP/bin/chemprop_train --data_path /Users/anthojen/Documents/EPFL_courses/ai_for_chemistry/project/AI-for-Chemistry/train_data.csv --dataset_type regression --save_dir /Users/anthojen/Documents/EPFL_courses/model_chemprop_first --metric rmse --epochs 200
Args
{'activation': 'ReLU',
 'adding_h': False,
 'aggregation': 'mean',
 'aggregation_norm': 100,
 'atom_descriptor_scaling': True,
 'atom_descriptors': None,
 'atom_descriptors_path': None,
 'atom_descriptors_size': 0,
 'atom_features_size': 0,
 'atom_messages': False,
 'batch_size': 50,
 'bias': False,
 'bias_solvent': False,
 'bond_feature_scaling': True,
 'bond_features_path': None,
 'bond_features_size': 0,
 'cache_cutoff': 10000,
 'checkpoint_dir': None,
 'checkpoint_frzn': None,
 'checkpoint_path': None,
 'checkpoint_paths': None,
 'class_balance': False,
 'config_path': None,
 'crossval_index_dir': None,
 'crossval_index_file': None,
 'crossval_index_sets': None,
 'cuda': False,
 'data_path': '/Users/anthojen/Documents/EPFL_courses/ai_for_chemistry/project/AI-for-Chemistry/train_data.csv',
 'data_weights_path': None,
 'dataset_type': 'regression',
 'depth': 3,
 'depth_solvent': 3,
 'device': device(type='cpu'),
 'dropout': 0.0,
 'empty_cache': False,
 'ensemble_size': 1,
 'epochs': 200,
 'evidential_regularization': 0,
 'explicit_h': False,
 'extra_metrics': [],
 'features_generator': None,
 'features_only': False,
 'features_path': None,
 'features_scaling': True,
 'features_size': None,
 'ffn_hidden_size': 300,
 'ffn_num_layers': 2,
 'final_lr': 0.0001,
 'folds_file': None,
 'freeze_first_only': False,
 'frzn_ffn_layers': 0,
 'gpu': None,
 'grad_clip': None,
 'hidden_size': 300,
 'hidden_size_solvent': 300,
 'ignore_columns': None,
 'init_lr': 0.0001,
 'log_frequency': 10,
 'loss_function': 'mse',
 'max_data_size': None,
 'max_lr': 0.001,
 'metric': 'rmse',
 'metrics': ['rmse'],
 'minimize_score': True,
 'mpn_shared': False,
 'multiclass_num_classes': 3,
 'no_atom_descriptor_scaling': False,
 'no_bond_features_scaling': False,
 'no_cache_mol': False,
 'no_cuda': False,
 'no_features_scaling': False,
 'num_folds': 1,
 'num_lrs': 1,
 'num_tasks': 1,
 'num_workers': 8,
 'number_of_molecules': 1,
 'overwrite_default_atom_features': False,
 'overwrite_default_bond_features': False,
 'phase_features_path': None,
 'pytorch_seed': 0,
 'quiet': False,
 'reaction': False,
 'reaction_mode': 'reac_diff',
 'reaction_solvent': False,
 'resume_experiment': False,
 'save_dir': '/Users/anthojen/Documents/EPFL_courses/model_chemprop_first',
 'save_preds': False,
 'save_smiles_splits': False,
 'seed': 0,
 'separate_test_atom_descriptors_path': None,
 'separate_test_bond_features_path': None,
 'separate_test_features_path': None,
 'separate_test_path': None,
 'separate_test_phase_features_path': None,
 'separate_val_atom_descriptors_path': None,
 'separate_val_bond_features_path': None,
 'separate_val_features_path': None,
 'separate_val_path': None,
 'separate_val_phase_features_path': None,
 'show_individual_scores': False,
 'smiles_columns': ['SMILES'],
 'spectra_activation': 'exp',
 'spectra_phase_mask_path': None,
 'spectra_target_floor': 1e-08,
 'split_key_molecule': 0,
 'split_sizes': [0.8, 0.1, 0.1],
 'split_type': 'random',
 'target_columns': None,
 'target_weights': None,
 'task_names': ['PCE (%)'],
 'test': False,
 'test_fold_index': None,
 'train_data_size': None,
 'undirected': False,
 'use_input_features': False,
 'val_fold_index': None,
 'warmup_epochs': 2.0}
Setting molecule featurization parameters to default.
Loading data
Number of tasks = 1
Fold 0
Splitting data with seed 0
Total size = 154 | train size = 123 | val size = 15 | test size = 16
Fitting scaler
Building model 0
MoleculeModel(
  (encoder): MPN(
    (encoder): ModuleList(
      (0): MPNEncoder(
        (dropout_layer): Dropout(p=0.0, inplace=False)
        (act_func): ReLU()
        (W_i): Linear(in_features=147, out_features=300, bias=False)
        (W_h): Linear(in_features=300, out_features=300, bias=False)
        (W_o): Linear(in_features=433, out_features=300, bias=True)
      )
    )
  )
  (ffn): Sequential(
    (0): Dropout(p=0.0, inplace=False)
    (1): Linear(in_features=300, out_features=300, bias=True)
    (2): ReLU()
    (3): Dropout(p=0.0, inplace=False)
    (4): Linear(in_features=300, out_features=1, bias=True)
  )
)
Number of parameters = 355,201
Epoch 0
Validation rmse = 5.782863
Epoch 1
Command line
python /Users/anthojen/opt/anaconda3/envs/NLP/bin/chemprop_train --data_path /Users/anthojen/Documents/EPFL_courses/ai_for_chemistry/project/AI-for-Chemistry/train_data.csv --dataset_type regression --save_dir /Users/anthojen/Documents/EPFL_courses/model_chemprop_first --metric rmse --epochs 1000
Args
{'activation': 'ReLU',
 'adding_h': False,
 'aggregation': 'mean',
 'aggregation_norm': 100,
 'atom_descriptor_scaling': True,
 'atom_descriptors': None,
 'atom_descriptors_path': None,
 'atom_descriptors_size': 0,
 'atom_features_size': 0,
 'atom_messages': False,
 'batch_size': 50,
 'bias': False,
 'bias_solvent': False,
 'bond_feature_scaling': True,
 'bond_features_path': None,
 'bond_features_size': 0,
 'cache_cutoff': 10000,
 'checkpoint_dir': None,
 'checkpoint_frzn': None,
 'checkpoint_path': None,
 'checkpoint_paths': None,
 'class_balance': False,
 'config_path': None,
 'crossval_index_dir': None,
 'crossval_index_file': None,
 'crossval_index_sets': None,
 'cuda': False,
 'data_path': '/Users/anthojen/Documents/EPFL_courses/ai_for_chemistry/project/AI-for-Chemistry/train_data.csv',
 'data_weights_path': None,
 'dataset_type': 'regression',
 'depth': 3,
 'depth_solvent': 3,
 'device': device(type='cpu'),
 'dropout': 0.0,
 'empty_cache': False,
 'ensemble_size': 1,
 'epochs': 1000,
 'evidential_regularization': 0,
 'explicit_h': False,
 'extra_metrics': [],
 'features_generator': None,
 'features_only': False,
 'features_path': None,
 'features_scaling': True,
 'features_size': None,
 'ffn_hidden_size': 300,
 'ffn_num_layers': 2,
 'final_lr': 0.0001,
 'folds_file': None,
 'freeze_first_only': False,
 'frzn_ffn_layers': 0,
 'gpu': None,
 'grad_clip': None,
 'hidden_size': 300,
 'hidden_size_solvent': 300,
 'ignore_columns': None,
 'init_lr': 0.0001,
 'log_frequency': 10,
 'loss_function': 'mse',
 'max_data_size': None,
 'max_lr': 0.001,
 'metric': 'rmse',
 'metrics': ['rmse'],
 'minimize_score': True,
 'mpn_shared': False,
 'multiclass_num_classes': 3,
 'no_atom_descriptor_scaling': False,
 'no_bond_features_scaling': False,
 'no_cache_mol': False,
 'no_cuda': False,
 'no_features_scaling': False,
 'num_folds': 1,
 'num_lrs': 1,
 'num_tasks': 1,
 'num_workers': 8,
 'number_of_molecules': 1,
 'overwrite_default_atom_features': False,
 'overwrite_default_bond_features': False,
 'phase_features_path': None,
 'pytorch_seed': 0,
 'quiet': False,
 'reaction': False,
 'reaction_mode': 'reac_diff',
 'reaction_solvent': False,
 'resume_experiment': False,
 'save_dir': '/Users/anthojen/Documents/EPFL_courses/model_chemprop_first',
 'save_preds': False,
 'save_smiles_splits': False,
 'seed': 0,
 'separate_test_atom_descriptors_path': None,
 'separate_test_bond_features_path': None,
 'separate_test_features_path': None,
 'separate_test_path': None,
 'separate_test_phase_features_path': None,
 'separate_val_atom_descriptors_path': None,
 'separate_val_bond_features_path': None,
 'separate_val_features_path': None,
 'separate_val_path': None,
 'separate_val_phase_features_path': None,
 'show_individual_scores': False,
 'smiles_columns': ['SMILES'],
 'spectra_activation': 'exp',
 'spectra_phase_mask_path': None,
 'spectra_target_floor': 1e-08,
 'split_key_molecule': 0,
 'split_sizes': [0.8, 0.1, 0.1],
 'split_type': 'random',
 'target_columns': None,
 'target_weights': None,
 'task_names': ['PCE (%)'],
 'test': False,
 'test_fold_index': None,
 'train_data_size': None,
 'undirected': False,
 'use_input_features': False,
 'val_fold_index': None,
 'warmup_epochs': 2.0}
Setting molecule featurization parameters to default.
Loading data
Number of tasks = 1
Fold 0
Splitting data with seed 0
Total size = 154 | train size = 123 | val size = 15 | test size = 16
Fitting scaler
Building model 0
MoleculeModel(
  (encoder): MPN(
    (encoder): ModuleList(
      (0): MPNEncoder(
        (dropout_layer): Dropout(p=0.0, inplace=False)
        (act_func): ReLU()
        (W_i): Linear(in_features=147, out_features=300, bias=False)
        (W_h): Linear(in_features=300, out_features=300, bias=False)
        (W_o): Linear(in_features=433, out_features=300, bias=True)
      )
    )
  )
  (ffn): Sequential(
    (0): Dropout(p=0.0, inplace=False)
    (1): Linear(in_features=300, out_features=300, bias=True)
    (2): ReLU()
    (3): Dropout(p=0.0, inplace=False)
    (4): Linear(in_features=300, out_features=1, bias=True)
  )
)
Number of parameters = 355,201
Epoch 0
Validation rmse = 5.782863
Epoch 1
Validation rmse = 3.950311
Epoch 2
Validation rmse = 3.885223
Epoch 3
Validation rmse = 4.349358
Epoch 4
Loss = 9.4891e-01, PNorm = 34.0360, GNorm = 3.8489, lr_0 = 9.8853e-04
Validation rmse = 3.773126
Epoch 5
Validation rmse = 3.640793
Epoch 6
Validation rmse = 3.656721
Epoch 7
Validation rmse = 3.904905
Epoch 8
Loss = 7.8948e-01, PNorm = 34.0770, GNorm = 0.5177, lr_0 = 9.7494e-04
Validation rmse = 4.013122
Epoch 9
Validation rmse = 3.783332
Epoch 10
Validation rmse = 3.626411
Epoch 11
Validation rmse = 3.633231
Epoch 12
Loss = 1.0598e+00, PNorm = 34.1237, GNorm = 1.2882, lr_0 = 9.6154e-04
Validation rmse = 3.696568
Epoch 13
Validation rmse = 3.869249
Epoch 14
Validation rmse = 3.764336
Epoch 15
Validation rmse = 3.585957
Epoch 16
Loss = 8.0122e-01, PNorm = 34.1801, GNorm = 0.8141, lr_0 = 9.4832e-04
Validation rmse = 3.565785
Epoch 17
Validation rmse = 3.637968
Epoch 18
Validation rmse = 3.939911
Epoch 19
Validation rmse = 3.919938
Epoch 20
Loss = 9.2582e-01, PNorm = 34.2532, GNorm = 2.0241, lr_0 = 9.3528e-04
Validation rmse = 3.812327
Epoch 21
Validation rmse = 3.571296
Epoch 22
Validation rmse = 3.700127
Epoch 23
Validation rmse = 4.112757
Epoch 24
Loss = 6.4173e-01, PNorm = 34.3491, GNorm = 1.4068, lr_0 = 9.2242e-04
Validation rmse = 4.001040
Epoch 25
Validation rmse = 3.725543
Epoch 26
Validation rmse = 3.687208
Epoch 27
Validation rmse = 3.847621
Epoch 28
Loss = 9.3037e-01, PNorm = 34.4736, GNorm = 0.8274, lr_0 = 9.0869e-04
Validation rmse = 3.769417
Epoch 29
Validation rmse = 3.984134
Epoch 30
Validation rmse = 3.963262
Epoch 31
Validation rmse = 3.701445
Epoch 32
Loss = 8.4667e-01, PNorm = 34.6124, GNorm = 0.9761, lr_0 = 8.9620e-04
Validation rmse = 4.099094
Epoch 33
Validation rmse = 3.692196
Epoch 34
Validation rmse = 4.220603
Epoch 35
Validation rmse = 4.194432
Epoch 36
Loss = 7.8159e-01, PNorm = 34.7606, GNorm = 1.0129, lr_0 = 8.8388e-04
Validation rmse = 3.679727
Epoch 37
Validation rmse = 4.204454
Epoch 38
Validation rmse = 4.123145
Epoch 39
Validation rmse = 3.901856
Epoch 40
Loss = 5.8522e-01, PNorm = 34.9273, GNorm = 1.2964, lr_0 = 8.7173e-04
Loss = 8.8417e-01, PNorm = 34.9421, GNorm = 1.5390, lr_0 = 8.7072e-04
Validation rmse = 4.499126
Epoch 41
Validation rmse = 3.952401
Epoch 42
Validation rmse = 4.072558
Epoch 43
Validation rmse = 3.953299
Epoch 44
Loss = 5.9956e-01, PNorm = 35.1009, GNorm = 1.8010, lr_0 = 8.5974e-04
Loss = 3.7265e-01, PNorm = 35.1149, GNorm = 2.1749, lr_0 = 8.5875e-04
Validation rmse = 4.188270
Epoch 45
Validation rmse = 4.778664
Epoch 46
Validation rmse = 3.883690
Epoch 47
Validation rmse = 4.256203
Epoch 48
Loss = 4.3151e-01, PNorm = 35.2648, GNorm = 1.3980, lr_0 = 8.4792e-04
Loss = 8.0367e-01, PNorm = 35.2782, GNorm = 7.4940, lr_0 = 8.4695e-04
Validation rmse = 4.144307
Epoch 49
Validation rmse = 4.171020
Epoch 50
Validation rmse = 3.857016
Epoch 51
Validation rmse = 4.551933
Epoch 52
Loss = 5.1338e-01, PNorm = 35.4420, GNorm = 4.3928, lr_0 = 8.3530e-04
Validation rmse = 4.246285
Epoch 53
Validation rmse = 4.523223
Epoch 54
Validation rmse = 3.830454
Epoch 55
Validation rmse = 4.379148
Epoch 56
Loss = 4.0817e-01, PNorm = 35.5870, GNorm = 2.2902, lr_0 = 8.2382e-04
Validation rmse = 4.523956
Epoch 57
Validation rmse = 4.709658
Epoch 58
Validation rmse = 4.103006
Epoch 59
Validation rmse = 4.463265
Epoch 60
Loss = 4.7181e-01, PNorm = 35.7102, GNorm = 9.3966, lr_0 = 8.1249e-04
Validation rmse = 4.086479
Epoch 61
Validation rmse = 4.416233
Epoch 62
Validation rmse = 4.248903
Epoch 63
Validation rmse = 4.257098
Epoch 64
Validation rmse = 4.270631
Epoch 65
Loss = 4.7267e-01, PNorm = 35.8352, GNorm = 0.8621, lr_0 = 8.0040e-04
Validation rmse = 4.399460
Epoch 66
Validation rmse = 4.417149
Epoch 67
Validation rmse = 4.687027
Epoch 68
Validation rmse = 4.210067
Epoch 69
Loss = 4.5099e-01, PNorm = 35.9357, GNorm = 6.4938, lr_0 = 7.8940e-04
Validation rmse = 4.305427
Epoch 70
Validation rmse = 4.320119
Epoch 71
Validation rmse = 4.507737
Epoch 72
Validation rmse = 4.315220
Epoch 73
Loss = 2.9702e-01, PNorm = 36.0381, GNorm = 3.9331, lr_0 = 7.7854e-04
Validation rmse = 4.291542
Epoch 74
Validation rmse = 4.140441
Epoch 75
Validation rmse = 4.429572
Epoch 76
Validation rmse = 4.459338
Epoch 77
Loss = 3.9995e-01, PNorm = 36.1178, GNorm = 4.6122, lr_0 = 7.6784e-04
Validation rmse = 3.697934
Epoch 78
Validation rmse = 3.887262
Epoch 79
Validation rmse = 4.727687
Epoch 80
Validation rmse = 4.526874
Epoch 81
Loss = 4.4478e-01, PNorm = 36.2092, GNorm = 10.2395, lr_0 = 7.5728e-04
Validation rmse = 4.206327
Epoch 82
Validation rmse = 3.894010
Epoch 83
Validation rmse = 3.792048
Epoch 84
Validation rmse = 4.695815
Epoch 85
Loss = 3.2272e-01, PNorm = 36.3069, GNorm = 4.1726, lr_0 = 7.4687e-04
Validation rmse = 4.425849
Epoch 86
Validation rmse = 4.457028
Epoch 87
Validation rmse = 4.160268
Epoch 88
Validation rmse = 4.344603
Epoch 89
Loss = 2.8448e-01, PNorm = 36.4050, GNorm = 2.8936, lr_0 = 7.3576e-04
Validation rmse = 4.299131
Epoch 90
Validation rmse = 4.558483
Epoch 91
Validation rmse = 4.478319
Epoch 92
Validation rmse = 4.428503
Epoch 93
Loss = 2.4928e-01, PNorm = 36.4928, GNorm = 1.2288, lr_0 = 7.2564e-04
Validation rmse = 4.467979
Epoch 94
Validation rmse = 4.148493
Epoch 95
Validation rmse = 4.333496
Epoch 96
Validation rmse = 4.303240
Epoch 97
Loss = 2.7919e-01, PNorm = 36.5740, GNorm = 4.6156, lr_0 = 7.1566e-04
Validation rmse = 4.395183
Epoch 98
Validation rmse = 4.176249
Epoch 99
Validation rmse = 4.279065
Epoch 100
Validation rmse = 3.973575
Epoch 101
Loss = 3.0044e-01, PNorm = 36.6562, GNorm = 4.2648, lr_0 = 7.0583e-04
Loss = 5.9466e-01, PNorm = 36.6637, GNorm = 9.5501, lr_0 = 7.0501e-04
Validation rmse = 4.035581
Epoch 102
Validation rmse = 4.539448
Epoch 103
Validation rmse = 4.499095
Epoch 104
Validation rmse = 4.533981
Epoch 105
Loss = 2.9827e-01, PNorm = 36.7388, GNorm = 2.7802, lr_0 = 6.9612e-04
Loss = 2.4962e-01, PNorm = 36.7448, GNorm = 1.4442, lr_0 = 6.9532e-04
Validation rmse = 4.101077
Epoch 106
Validation rmse = 4.100576
Epoch 107
Validation rmse = 4.341906
Epoch 108
Validation rmse = 4.446431
Epoch 109
Loss = 2.4791e-01, PNorm = 36.8184, GNorm = 2.6460, lr_0 = 6.8655e-04
Loss = 2.1433e-01, PNorm = 36.8240, GNorm = 3.1026, lr_0 = 6.8576e-04
Validation rmse = 4.638926
Epoch 110
Validation rmse = 4.355906
Epoch 111
Validation rmse = 4.263115
Epoch 112
Validation rmse = 4.487899
Epoch 113
Loss = 2.5036e-01, PNorm = 36.8903, GNorm = 2.6141, lr_0 = 6.7633e-04
Validation rmse = 4.357191
Epoch 114
Validation rmse = 4.445096
Epoch 115
Validation rmse = 4.201781
Epoch 116
Validation rmse = 4.051856
Epoch 117
Loss = 2.1937e-01, PNorm = 36.9569, GNorm = 3.1681, lr_0 = 6.6703e-04
Validation rmse = 4.226725
Epoch 118
Validation rmse = 4.120349
Epoch 119
Validation rmse = 4.415755
Epoch 120
Validation rmse = 4.552251
Epoch 121
Loss = 1.7443e-01, PNorm = 37.0336, GNorm = 1.3749, lr_0 = 6.5786e-04
Validation rmse = 4.555966
Epoch 122
Validation rmse = 4.327990
Epoch 123
Validation rmse = 4.420068
Epoch 124
Validation rmse = 4.218190
Epoch 125
Validation rmse = 4.254683
Epoch 126
Loss = 1.9785e-01, PNorm = 37.1087, GNorm = 1.2527, lr_0 = 6.4807e-04
Validation rmse = 4.482128
Epoch 127
Validation rmse = 4.386332
Epoch 128
Validation rmse = 4.370174
Epoch 129
Validation rmse = 4.228561
Epoch 130
Loss = 1.8075e-01, PNorm = 37.1775, GNorm = 1.2483, lr_0 = 6.3916e-04
Validation rmse = 4.571219
Epoch 131
Validation rmse = 4.301509
Epoch 132
Validation rmse = 4.333292
Epoch 133
Validation rmse = 4.348037
Epoch 134
Loss = 1.7582e-01, PNorm = 37.2462, GNorm = 1.2895, lr_0 = 6.3038e-04
Validation rmse = 4.381126
Epoch 135
Validation rmse = 4.433827
Epoch 136
Validation rmse = 4.418805
Epoch 137
Validation rmse = 4.427010
Epoch 138
Loss = 1.3610e-01, PNorm = 37.3154, GNorm = 0.8566, lr_0 = 6.2171e-04
Validation rmse = 4.476592
Epoch 139
Validation rmse = 4.401881
Epoch 140
Validation rmse = 4.450484
Epoch 141
Validation rmse = 4.429059
Epoch 142
Loss = 1.1755e-01, PNorm = 37.3824, GNorm = 1.2886, lr_0 = 6.1316e-04
Validation rmse = 4.383704
Epoch 143
Validation rmse = 4.660158
Epoch 144
Validation rmse = 4.509678
Epoch 145
Validation rmse = 4.680269
Epoch 146
Loss = 1.2830e-01, PNorm = 37.4445, GNorm = 3.7653, lr_0 = 6.0473e-04
Validation rmse = 4.192147
Epoch 147
Validation rmse = 4.500276
Epoch 148
Validation rmse = 4.541231
Epoch 149
Validation rmse = 4.592633
Epoch 150
Loss = 1.0468e-01, PNorm = 37.5029, GNorm = 1.1661, lr_0 = 5.9642e-04
Validation rmse = 4.421037
Epoch 151
Validation rmse = 4.468676
Epoch 152
Validation rmse = 4.400179
Epoch 153
Validation rmse = 4.574886
Epoch 154
Loss = 1.2967e-01, PNorm = 37.5659, GNorm = 0.7746, lr_0 = 5.8754e-04
Validation rmse = 4.655331
Epoch 155
Validation rmse = 4.589639
Epoch 156
Validation rmse = 4.501331
Epoch 157
Validation rmse = 4.385078
Epoch 158
Loss = 1.0330e-01, PNorm = 37.6213, GNorm = 1.7480, lr_0 = 5.7946e-04
Validation rmse = 4.590129
Epoch 159
Validation rmse = 4.987652
Epoch 160
Validation rmse = 4.595529
Epoch 161
Validation rmse = 4.557510
Epoch 162
Loss = 1.3265e-01, PNorm = 37.6739, GNorm = 2.3729, lr_0 = 5.7150e-04
Loss = 7.5239e-02, PNorm = 37.6786, GNorm = 1.9286, lr_0 = 5.7084e-04
Validation rmse = 4.514191
Epoch 163
Validation rmse = 4.912979
Epoch 164
Validation rmse = 4.589626
Epoch 165
Validation rmse = 4.749816
Epoch 166
Loss = 1.2863e-01, PNorm = 37.7270, GNorm = 0.8218, lr_0 = 5.6364e-04
Loss = 4.3230e-02, PNorm = 37.7312, GNorm = 1.2119, lr_0 = 5.6299e-04
Validation rmse = 4.582790
Epoch 167
Validation rmse = 4.854060
Epoch 168
Validation rmse = 4.391689
Epoch 169
Validation rmse = 4.799381
Epoch 170
Loss = 1.5255e-01, PNorm = 37.7743, GNorm = 2.0618, lr_0 = 5.5589e-04
Loss = 1.3972e-01, PNorm = 37.7780, GNorm = 2.9347, lr_0 = 5.5525e-04
Validation rmse = 4.467834
Epoch 171
Validation rmse = 4.998256
Epoch 172
Validation rmse = 4.495548
Epoch 173
Validation rmse = 4.662174
Epoch 174
Loss = 9.8697e-02, PNorm = 37.8238, GNorm = 2.3891, lr_0 = 5.4825e-04
Loss = 1.6262e-01, PNorm = 37.8283, GNorm = 4.2306, lr_0 = 5.4762e-04
Validation rmse = 4.393674
Epoch 175
Validation rmse = 4.786012
Epoch 176
Validation rmse = 4.582434
Epoch 177
Validation rmse = 4.759923
Epoch 178
Loss = 1.1517e-01, PNorm = 37.8751, GNorm = 2.7383, lr_0 = 5.4009e-04
Validation rmse = 4.498748
Epoch 179
Validation rmse = 4.652012
Epoch 180
Validation rmse = 4.556295
Epoch 181
Validation rmse = 4.605402
Epoch 182
Loss = 1.2525e-01, PNorm = 37.9197, GNorm = 2.8600, lr_0 = 5.3266e-04
Validation rmse = 4.363608
Epoch 183
Validation rmse = 4.468975
Epoch 184
Validation rmse = 4.612398
Epoch 185
Validation rmse = 4.687157
Epoch 186
Loss = 8.6697e-02, PNorm = 37.9630, GNorm = 2.4418, lr_0 = 5.2534e-04
Validation rmse = 4.752502
Epoch 187
Validation rmse = 4.562970
Epoch 188
Validation rmse = 4.942362
Epoch 189
Validation rmse = 4.683550
Epoch 190
Validation rmse = 4.560448
Epoch 191
Loss = 1.5049e-01, PNorm = 38.0085, GNorm = 2.0713, lr_0 = 5.1752e-04
Validation rmse = 4.475082
Epoch 192
Validation rmse = 4.513746
Epoch 193
Validation rmse = 4.496264
Epoch 194
Validation rmse = 4.795802
Epoch 195
Loss = 1.0356e-01, PNorm = 38.0466, GNorm = 2.4150, lr_0 = 5.1041e-04
Validation rmse = 4.493575
Epoch 196
Validation rmse = 4.461194
Epoch 197
Validation rmse = 4.554377
Epoch 198
Validation rmse = 4.515831
Epoch 199
Loss = 9.9829e-02, PNorm = 38.0822, GNorm = 3.3751, lr_0 = 5.0339e-04
Validation rmse = 4.775135
Epoch 200
Validation rmse = 4.566792
Epoch 201
Validation rmse = 4.623638
Epoch 202
Validation rmse = 4.581318
Epoch 203
Loss = 6.2572e-02, PNorm = 38.1211, GNorm = 1.2691, lr_0 = 4.9647e-04
Validation rmse = 4.494871
Epoch 204
Validation rmse = 4.530157
Epoch 205
Validation rmse = 4.710461
Epoch 206
Validation rmse = 4.605647
Epoch 207
Loss = 3.8591e-02, PNorm = 38.1553, GNorm = 1.7528, lr_0 = 4.8964e-04
Validation rmse = 4.731592
Epoch 208
Validation rmse = 4.492011
Epoch 209
Validation rmse = 5.012106
Epoch 210
Validation rmse = 4.696739
Epoch 211
Loss = 8.9276e-02, PNorm = 38.1903, GNorm = 1.4281, lr_0 = 4.8291e-04
Validation rmse = 4.808983
Epoch 212
Validation rmse = 4.618045
Epoch 213
Validation rmse = 4.871943
Epoch 214
Validation rmse = 4.618205
Epoch 215
Loss = 9.2313e-02, PNorm = 38.2242, GNorm = 2.3272, lr_0 = 4.7572e-04
Validation rmse = 4.646422
Epoch 216
Validation rmse = 4.539045
Epoch 217
Validation rmse = 4.664680
Epoch 218
Validation rmse = 4.673541
Epoch 219
Loss = 6.4253e-02, PNorm = 38.2557, GNorm = 1.2444, lr_0 = 4.6918e-04
Validation rmse = 4.552931
Epoch 220
Validation rmse = 4.710488
Epoch 221
Validation rmse = 4.576325
Epoch 222
Validation rmse = 4.976933
Epoch 223
Loss = 8.9741e-02, PNorm = 38.2900, GNorm = 1.3725, lr_0 = 4.6273e-04
Validation rmse = 4.678966
Epoch 224
Validation rmse = 4.716233
Epoch 225
Validation rmse = 4.735939
Epoch 226
Validation rmse = 4.800862
Epoch 227
Loss = 7.1197e-02, PNorm = 38.3221, GNorm = 1.2361, lr_0 = 4.5637e-04
Loss = 6.4411e-02, PNorm = 38.3242, GNorm = 2.6009, lr_0 = 4.5585e-04
Validation rmse = 4.690278
Epoch 228
Validation rmse = 5.063063
Epoch 229
Validation rmse = 4.467536
Epoch 230
Validation rmse = 4.900912
Epoch 231
Loss = 8.9614e-02, PNorm = 38.3527, GNorm = 1.6854, lr_0 = 4.5010e-04
Loss = 8.8323e-02, PNorm = 38.3551, GNorm = 3.2597, lr_0 = 4.4958e-04
Validation rmse = 4.458522
Epoch 232
Validation rmse = 4.840394
Epoch 233
Validation rmse = 4.602376
Epoch 234
Validation rmse = 4.548034
Epoch 235
Loss = 6.7329e-02, PNorm = 38.3849, GNorm = 2.8379, lr_0 = 4.4391e-04
Loss = 7.9881e-02, PNorm = 38.3874, GNorm = 1.9541, lr_0 = 4.4340e-04
Validation rmse = 4.482031
Epoch 236
Validation rmse = 4.636789
Epoch 237
Validation rmse = 4.763135
Epoch 238
Validation rmse = 4.678417
Epoch 239
Loss = 7.1192e-02, PNorm = 38.4168, GNorm = 2.2700, lr_0 = 4.3730e-04
Validation rmse = 4.813711
Epoch 240
Validation rmse = 4.489274
Epoch 241
Validation rmse = 4.897932
Epoch 242
Validation rmse = 4.576736
Epoch 243
Loss = 6.6135e-02, PNorm = 38.4449, GNorm = 2.8641, lr_0 = 4.3129e-04
Validation rmse = 4.898706
Epoch 244
Validation rmse = 4.585823
Epoch 245
Validation rmse = 4.719880
Epoch 246
Validation rmse = 4.755272
Epoch 247
Loss = 6.2641e-02, PNorm = 38.4693, GNorm = 1.8495, lr_0 = 4.2536e-04
Validation rmse = 4.786358
Epoch 248
Validation rmse = 4.780783
Epoch 249
Validation rmse = 4.769034
Epoch 250
Validation rmse = 4.973137
Epoch 251
Validation rmse = 4.623925
Epoch 252
Loss = 6.2961e-02, PNorm = 38.4963, GNorm = 1.9365, lr_0 = 4.1903e-04
Validation rmse = 5.015290
Epoch 253
Validation rmse = 4.431872
Epoch 254
Validation rmse = 5.151347
Epoch 255
Validation rmse = 4.500800
Epoch 256
Loss = 7.3934e-02, PNorm = 38.5195, GNorm = 3.7609, lr_0 = 4.1327e-04
Validation rmse = 4.865422
Epoch 257
Validation rmse = 4.650551
Epoch 258
Validation rmse = 4.846026
Epoch 259
Validation rmse = 4.742877
Epoch 260
Loss = 4.9422e-02, PNorm = 38.5461, GNorm = 0.8991, lr_0 = 4.0759e-04
Validation rmse = 4.913031
Epoch 261
Validation rmse = 4.707199
Epoch 262
Validation rmse = 4.872446
Epoch 263
Validation rmse = 4.494779
Epoch 264
Loss = 7.8522e-02, PNorm = 38.5686, GNorm = 1.6454, lr_0 = 4.0198e-04
Validation rmse = 4.659387
Epoch 265
Validation rmse = 4.628065
Epoch 266
Validation rmse = 4.679433
Epoch 267
Validation rmse = 4.551148
Epoch 268
Loss = 5.2534e-02, PNorm = 38.5931, GNorm = 1.3637, lr_0 = 3.9646e-04
Validation rmse = 4.654538
Epoch 269
Validation rmse = 4.545428
Epoch 270
Validation rmse = 4.693139
Epoch 271
Validation rmse = 5.044879
Epoch 272
Loss = 3.9557e-02, PNorm = 38.6158, GNorm = 2.5867, lr_0 = 3.9101e-04
Validation rmse = 4.737612
Epoch 273
Validation rmse = 4.974451
Epoch 274
Validation rmse = 4.372169
Epoch 275
Validation rmse = 4.588988
Epoch 276
Loss = 6.3383e-02, PNorm = 38.6378, GNorm = 4.1154, lr_0 = 3.8519e-04
Validation rmse = 4.532825
Epoch 277
Validation rmse = 4.656607
Epoch 278
Validation rmse = 4.929301
Epoch 279
Validation rmse = 4.526342
Epoch 280
Loss = 8.8514e-02, PNorm = 38.6598, GNorm = 3.2608, lr_0 = 3.7989e-04
Validation rmse = 4.826442
Epoch 281
Validation rmse = 4.642631
Epoch 282
Validation rmse = 4.784851
Epoch 283
Validation rmse = 4.629052
Epoch 284
Loss = 5.4487e-02, PNorm = 38.6793, GNorm = 1.9406, lr_0 = 3.7467e-04
Validation rmse = 4.610166
Epoch 285
Validation rmse = 4.880182
Epoch 286
Validation rmse = 4.467891
Epoch 287
Validation rmse = 4.747526
Epoch 288
Loss = 6.2044e-02, PNorm = 38.6969, GNorm = 1.6933, lr_0 = 3.6952e-04
Loss = 1.8235e-02, PNorm = 38.6985, GNorm = 1.2521, lr_0 = 3.6909e-04
Validation rmse = 4.637267
Epoch 289
Validation rmse = 4.796528
Epoch 290
Validation rmse = 4.565851
Epoch 291
Validation rmse = 4.570110
Epoch 292
Loss = 4.0951e-02, PNorm = 38.7127, GNorm = 1.1607, lr_0 = 3.6444e-04
Loss = 1.1100e-01, PNorm = 38.7141, GNorm = 4.2277, lr_0 = 3.6402e-04
Validation rmse = 4.612396
Epoch 293
Validation rmse = 4.775696
Epoch 294
Validation rmse = 4.883824
Epoch 295
Validation rmse = 4.702631
Epoch 296
Loss = 5.9585e-02, PNorm = 38.7288, GNorm = 0.7562, lr_0 = 3.5943e-04
Loss = 2.1804e-02, PNorm = 38.7300, GNorm = 2.1093, lr_0 = 3.5901e-04
Validation rmse = 4.816974
Epoch 297
Validation rmse = 4.670186
Epoch 298
Validation rmse = 4.769075
Epoch 299
Validation rmse = 4.790767
Epoch 300
Loss = 4.9754e-02, PNorm = 38.7441, GNorm = 1.7024, lr_0 = 3.5449e-04
Loss = 4.2464e-02, PNorm = 38.7455, GNorm = 2.0285, lr_0 = 3.5408e-04
Validation rmse = 4.882156
Epoch 301
Validation rmse = 4.741066
Epoch 302
Validation rmse = 4.694984
Epoch 303
Validation rmse = 4.843073
Epoch 304
Loss = 4.9654e-02, PNorm = 38.7603, GNorm = 3.1122, lr_0 = 3.4921e-04
Validation rmse = 4.743572
Epoch 305
Validation rmse = 4.995885
Epoch 306
Validation rmse = 4.884011
Epoch 307
Validation rmse = 4.730278
Epoch 308
Loss = 5.0903e-02, PNorm = 38.7744, GNorm = 3.3276, lr_0 = 3.4441e-04
Validation rmse = 4.768043
Epoch 309
Validation rmse = 4.574695
Epoch 310
Validation rmse = 4.681658
Epoch 311
Validation rmse = 4.682772
Epoch 312
Validation rmse = 4.785537
Epoch 313
Loss = 2.8882e-02, PNorm = 38.7906, GNorm = 0.7357, lr_0 = 3.3928e-04
Validation rmse = 4.922851
Epoch 314
Validation rmse = 4.950381
Epoch 315
Validation rmse = 4.785097
Epoch 316
Validation rmse = 4.592426
Epoch 317
Loss = 6.7517e-02, PNorm = 38.8052, GNorm = 2.0084, lr_0 = 3.3462e-04
Validation rmse = 4.832894
Epoch 318
Validation rmse = 4.802602
Epoch 319
Validation rmse = 4.906553
Epoch 320
Validation rmse = 4.785082
Epoch 321
Loss = 2.2651e-02, PNorm = 38.8179, GNorm = 0.3555, lr_0 = 3.3002e-04
Validation rmse = 4.822015
Epoch 322
Validation rmse = 4.728643
Epoch 323
Validation rmse = 4.753742
Epoch 324
Validation rmse = 4.788926
Epoch 325
Loss = 8.7967e-03, PNorm = 38.8330, GNorm = 0.4538, lr_0 = 3.2548e-04
Validation rmse = 4.907943
Epoch 326
Validation rmse = 4.974211
Epoch 327
Validation rmse = 4.946775
Epoch 328
Validation rmse = 4.713886
Epoch 329
Loss = 3.2788e-02, PNorm = 38.8465, GNorm = 1.2867, lr_0 = 3.2101e-04
Validation rmse = 4.639299
Epoch 330
Validation rmse = 4.877676
Epoch 331
Validation rmse = 4.655709
Epoch 332
Validation rmse = 4.984154
Epoch 333
Loss = 2.8281e-02, PNorm = 38.8620, GNorm = 1.8246, lr_0 = 3.1659e-04
Validation rmse = 4.751891
Epoch 334
Validation rmse = 4.810944
Epoch 335
Validation rmse = 4.662734
Epoch 336
Validation rmse = 4.639051
Epoch 337
Loss = 3.8489e-02, PNorm = 38.8763, GNorm = 1.1340, lr_0 = 3.1224e-04
Validation rmse = 4.950464
Epoch 338
Validation rmse = 4.739781
Epoch 339
Validation rmse = 4.816160
Epoch 340
Validation rmse = 4.791630
Epoch 341
Loss = 4.7301e-02, PNorm = 38.8903, GNorm = 0.7369, lr_0 = 3.0759e-04
Validation rmse = 4.891929
Epoch 342
Validation rmse = 4.936233
Epoch 343
Validation rmse = 4.727127
Epoch 344
Validation rmse = 4.617078
Epoch 345
Loss = 3.9523e-02, PNorm = 38.9013, GNorm = 1.3703, lr_0 = 3.0336e-04
Validation rmse = 4.778770
Epoch 346
Validation rmse = 4.662340
Epoch 347
Validation rmse = 4.773219
Epoch 348
Validation rmse = 4.829833
Epoch 349
Loss = 4.4382e-02, PNorm = 38.9123, GNorm = 2.2211, lr_0 = 2.9919e-04
Validation rmse = 4.848437
Epoch 350
Validation rmse = 4.865964
Epoch 351
Validation rmse = 4.684196
Epoch 352
Validation rmse = 4.570177
Epoch 353
Loss = 3.2937e-02, PNorm = 38.9236, GNorm = 2.4149, lr_0 = 2.9508e-04
Loss = 8.7228e-02, PNorm = 38.9248, GNorm = 2.8122, lr_0 = 2.9474e-04
Validation rmse = 4.767732
Epoch 354
Validation rmse = 5.037223
Epoch 355
Validation rmse = 4.961495
Epoch 356
Validation rmse = 4.976748
Epoch 357
Loss = 4.6695e-02, PNorm = 38.9345, GNorm = 1.6410, lr_0 = 2.9102e-04
Loss = 1.0921e-02, PNorm = 38.9354, GNorm = 1.0913, lr_0 = 2.9069e-04
Validation rmse = 4.858190
Epoch 358
Validation rmse = 4.905107
Epoch 359
Validation rmse = 4.836996
Epoch 360
Validation rmse = 4.908104
Epoch 361
Loss = 3.8319e-02, PNorm = 38.9462, GNorm = 1.2032, lr_0 = 2.8702e-04
Loss = 3.7940e-02, PNorm = 38.9471, GNorm = 3.0667, lr_0 = 2.8669e-04
Validation rmse = 4.982804
Epoch 362
Validation rmse = 5.035990
Epoch 363
Validation rmse = 4.935685
Epoch 364
Validation rmse = 4.853697
Epoch 365
Loss = 3.9275e-02, PNorm = 38.9578, GNorm = 1.9986, lr_0 = 2.8275e-04
Validation rmse = 4.966080
Epoch 366
Validation rmse = 4.791165
Epoch 367
Validation rmse = 4.821439
Epoch 368
Validation rmse = 4.747208
Epoch 369
Loss = 4.1250e-02, PNorm = 38.9680, GNorm = 2.2061, lr_0 = 2.7886e-04
Validation rmse = 5.026560
Epoch 370
Validation rmse = 4.853097
Epoch 371
Validation rmse = 4.819502
Epoch 372
Validation rmse = 4.869433
Epoch 373
Loss = 3.7614e-02, PNorm = 38.9786, GNorm = 2.4438, lr_0 = 2.7503e-04
Validation rmse = 4.781976
Epoch 374
Validation rmse = 4.993927
Epoch 375
Validation rmse = 4.908666
Epoch 376
Validation rmse = 4.985824
Epoch 377
Validation rmse = 4.826408
Epoch 378
Loss = 5.7899e-02, PNorm = 38.9897, GNorm = 1.5602, lr_0 = 2.7094e-04
Validation rmse = 4.712341
Epoch 379
Validation rmse = 4.874430
Epoch 380
Validation rmse = 4.864997
Epoch 381
Validation rmse = 4.839061
Epoch 382
Loss = 1.9424e-02, PNorm = 39.0001, GNorm = 0.6516, lr_0 = 2.6721e-04
Validation rmse = 4.747315
Epoch 383
Validation rmse = 4.838743
Epoch 384
Validation rmse = 5.031186
Epoch 385
Validation rmse = 5.027088
Epoch 386
Loss = 3.8614e-02, PNorm = 39.0107, GNorm = 0.7782, lr_0 = 2.6354e-04
Validation rmse = 4.973646
Epoch 387
Validation rmse = 4.947753
Epoch 388
Validation rmse = 4.821819
Epoch 389
Validation rmse = 5.064608
Epoch 390
Loss = 2.0063e-02, PNorm = 39.0195, GNorm = 2.9169, lr_0 = 2.5991e-04
Validation rmse = 4.840593
Epoch 391
Validation rmse = 4.987476
Epoch 392
Validation rmse = 4.857153
Epoch 393
Validation rmse = 4.935496
Epoch 394
Loss = 4.1373e-02, PNorm = 39.0277, GNorm = 1.0615, lr_0 = 2.5634e-04
Validation rmse = 4.869762
Epoch 395
Validation rmse = 4.889158
Epoch 396
Validation rmse = 5.150080
Epoch 397
Validation rmse = 4.869250
Epoch 398
Loss = 2.6138e-02, PNorm = 39.0370, GNorm = 0.6771, lr_0 = 2.5282e-04
Validation rmse = 4.819598
Epoch 399
Validation rmse = 4.691046
Epoch 400
Validation rmse = 5.045692
Epoch 401
Validation rmse = 4.956115
Epoch 402
Loss = 3.9479e-02, PNorm = 39.0477, GNorm = 0.5054, lr_0 = 2.4905e-04
Validation rmse = 4.902570
Epoch 403
Validation rmse = 4.885370
Epoch 404
Validation rmse = 4.772273
Epoch 405
Validation rmse = 4.973812
Epoch 406
Loss = 4.0325e-02, PNorm = 39.0567, GNorm = 1.6015, lr_0 = 2.4563e-04
Validation rmse = 4.826747
Epoch 407
Validation rmse = 4.989515
Epoch 408
Validation rmse = 4.907971
Epoch 409
Validation rmse = 4.946594
Epoch 410
Loss = 2.5722e-02, PNorm = 39.0645, GNorm = 1.4864, lr_0 = 2.4225e-04
Validation rmse = 5.105720
Epoch 411
Validation rmse = 4.794470
Epoch 412
Validation rmse = 4.896960
Epoch 413
Validation rmse = 4.966721
Epoch 414
Loss = 3.4641e-02, PNorm = 39.0743, GNorm = 1.3610, lr_0 = 2.3892e-04
Loss = 2.6906e-02, PNorm = 39.0748, GNorm = 1.8884, lr_0 = 2.3865e-04
Validation rmse = 4.743082
Epoch 415
Validation rmse = 5.076598
Epoch 416
Validation rmse = 4.728953
Epoch 417
Validation rmse = 4.919419
Epoch 418
Loss = 4.3522e-02, PNorm = 39.0824, GNorm = 3.8885, lr_0 = 2.3564e-04
Loss = 2.0143e-02, PNorm = 39.0830, GNorm = 1.1283, lr_0 = 2.3537e-04
Validation rmse = 4.766567
Epoch 419
Validation rmse = 4.840541
Epoch 420
Validation rmse = 4.906679
Epoch 421
Validation rmse = 4.830950
Epoch 422
Loss = 2.8199e-02, PNorm = 39.0906, GNorm = 0.9531, lr_0 = 2.3240e-04
Loss = 3.8146e-02, PNorm = 39.0913, GNorm = 1.0018, lr_0 = 2.3213e-04
Validation rmse = 4.979245
Epoch 423
Validation rmse = 4.917745
Epoch 424
Validation rmse = 4.960411
Epoch 425
Validation rmse = 4.836246
Epoch 426
Loss = 3.7165e-02, PNorm = 39.0987, GNorm = 2.7896, lr_0 = 2.2894e-04
Validation rmse = 5.073634
Epoch 427
Validation rmse = 4.826642
Epoch 428
Validation rmse = 4.903920
Epoch 429
Validation rmse = 4.856706
Epoch 430
Loss = 3.5233e-02, PNorm = 39.1062, GNorm = 2.2809, lr_0 = 2.2579e-04
Validation rmse = 4.712278
Epoch 431
Validation rmse = 5.067384
Epoch 432
Validation rmse = 4.797374
Epoch 433
Validation rmse = 4.952271
Epoch 434
Loss = 3.2610e-02, PNorm = 39.1143, GNorm = 2.5260, lr_0 = 2.2269e-04
Validation rmse = 4.885479
Epoch 435
Validation rmse = 4.985688
Epoch 436
Validation rmse = 5.046128
Epoch 437
Validation rmse = 4.981386
Epoch 438
Validation rmse = 5.034416
Epoch 439
Loss = 2.6349e-02, PNorm = 39.1218, GNorm = 1.8960, lr_0 = 2.1937e-04
Validation rmse = 4.901547
Epoch 440
Validation rmse = 4.878165
Epoch 441
Validation rmse = 4.865423
Epoch 442
Validation rmse = 4.885691
Epoch 443
Loss = 3.3019e-02, PNorm = 39.1280, GNorm = 1.2009, lr_0 = 2.1636e-04
Validation rmse = 4.924069
Epoch 444
Validation rmse = 4.997325
Epoch 445
Validation rmse = 4.788894
Epoch 446
Validation rmse = 4.901872
Epoch 447
Loss = 2.5317e-02, PNorm = 39.1349, GNorm = 1.7749, lr_0 = 2.1338e-04
Validation rmse = 4.866863
Epoch 448
Validation rmse = 4.890300
Epoch 449
Validation rmse = 4.849938
Epoch 450
Validation rmse = 4.904467
Epoch 451
Loss = 1.2218e-02, PNorm = 39.1405, GNorm = 1.5043, lr_0 = 2.1045e-04
Validation rmse = 4.755119
Epoch 452
Validation rmse = 4.910808
Epoch 453
Validation rmse = 5.047203
Epoch 454
Validation rmse = 4.865319
Epoch 455
Loss = 3.0358e-02, PNorm = 39.1470, GNorm = 2.9320, lr_0 = 2.0756e-04
Validation rmse = 5.017925
Epoch 456
Validation rmse = 4.878277
Epoch 457
Validation rmse = 4.897983
Epoch 458
Validation rmse = 4.946204
Epoch 459
Loss = 1.5145e-02, PNorm = 39.1533, GNorm = 0.9841, lr_0 = 2.0470e-04
Validation rmse = 4.931096
Epoch 460
Validation rmse = 5.095913
Epoch 461
Validation rmse = 4.810435
Epoch 462
Validation rmse = 4.904489
Epoch 463
Loss = 3.5245e-02, PNorm = 39.1590, GNorm = 2.1638, lr_0 = 2.0166e-04
Validation rmse = 4.730399
Epoch 464
Validation rmse = 4.924287
Epoch 465
Validation rmse = 4.841523
Epoch 466
Validation rmse = 4.877037
Epoch 467
Loss = 3.2012e-02, PNorm = 39.1651, GNorm = 0.9166, lr_0 = 1.9888e-04
Validation rmse = 5.136589
Epoch 468
Validation rmse = 4.872354
Epoch 469
Validation rmse = 4.997743
Epoch 470
Validation rmse = 4.855333
Epoch 471
Loss = 3.2930e-02, PNorm = 39.1710, GNorm = 1.0137, lr_0 = 1.9615e-04
Validation rmse = 4.918440
Epoch 472
Validation rmse = 4.935563
Epoch 473
Validation rmse = 5.016707
Epoch 474
Validation rmse = 5.091481
Epoch 475
Loss = 3.1988e-02, PNorm = 39.1767, GNorm = 0.7645, lr_0 = 1.9345e-04
Loss = 1.9690e-02, PNorm = 39.1771, GNorm = 2.3825, lr_0 = 1.9323e-04
Validation rmse = 4.886619
Epoch 476
Validation rmse = 5.034636
Epoch 477
Validation rmse = 4.844920
Epoch 478
Validation rmse = 4.912273
Epoch 479
Loss = 3.1895e-02, PNorm = 39.1817, GNorm = 1.3135, lr_0 = 1.9079e-04
Loss = 1.0559e-02, PNorm = 39.1822, GNorm = 0.7519, lr_0 = 1.9057e-04
Validation rmse = 4.843385
Epoch 480
Validation rmse = 4.933846
Epoch 481
Validation rmse = 4.873695
Epoch 482
Validation rmse = 4.983465
Epoch 483
Loss = 2.9335e-02, PNorm = 39.1876, GNorm = 3.4621, lr_0 = 1.8817e-04
Loss = 9.8432e-02, PNorm = 39.1881, GNorm = 6.5080, lr_0 = 1.8795e-04
Validation rmse = 4.945205
Epoch 484
Validation rmse = 4.851379
Epoch 485
Validation rmse = 5.231409
Epoch 486
Validation rmse = 4.800197
Epoch 487
Loss = 4.1619e-02, PNorm = 39.1945, GNorm = 2.4985, lr_0 = 1.8558e-04
Loss = 1.8431e-02, PNorm = 39.1950, GNorm = 1.0261, lr_0 = 1.8537e-04
Validation rmse = 5.067636
Epoch 488
Validation rmse = 4.852178
Epoch 489
Validation rmse = 4.815115
Epoch 490
Validation rmse = 5.104664
Epoch 491
Loss = 4.2315e-02, PNorm = 39.2004, GNorm = 2.5704, lr_0 = 1.8282e-04
Validation rmse = 4.626231
Epoch 492
Validation rmse = 4.854268
Epoch 493
Validation rmse = 4.953008
Epoch 494
Validation rmse = 4.818434
Epoch 495
Loss = 2.4403e-02, PNorm = 39.2066, GNorm = 0.4207, lr_0 = 1.8031e-04
Validation rmse = 4.981857
Epoch 496
Validation rmse = 4.848537
Epoch 497
Validation rmse = 4.892933
Epoch 498
Validation rmse = 4.962420
Epoch 499
Loss = 2.3904e-02, PNorm = 39.2116, GNorm = 0.6728, lr_0 = 1.7783e-04
Validation rmse = 4.760727
Epoch 500
Validation rmse = 4.934974
Epoch 501
Validation rmse = 4.837706
Epoch 502
Validation rmse = 4.793136
Epoch 503
Validation rmse = 5.050046
Epoch 504
Loss = 3.4883e-02, PNorm = 39.2174, GNorm = 2.8454, lr_0 = 1.7518e-04
Validation rmse = 4.935937
Epoch 505
Validation rmse = 5.159248
Epoch 506
Validation rmse = 4.898191
Epoch 507
Validation rmse = 4.828501
Epoch 508
Loss = 3.5313e-02, PNorm = 39.2221, GNorm = 0.8779, lr_0 = 1.7277e-04
Validation rmse = 4.989501
Epoch 509
Validation rmse = 4.769039
Epoch 510
Validation rmse = 4.900966
Epoch 511
Validation rmse = 4.973586
Epoch 512
Loss = 4.5950e-02, PNorm = 39.2262, GNorm = 0.8112, lr_0 = 1.7040e-04
Validation rmse = 4.872636
Epoch 513
Validation rmse = 4.977286
Epoch 514
Validation rmse = 4.939554
Epoch 515
Validation rmse = 4.930546
Epoch 516
Loss = 1.8810e-02, PNorm = 39.2314, GNorm = 0.8710, lr_0 = 1.6805e-04
Validation rmse = 4.990366
Epoch 517
Validation rmse = 4.914256
Epoch 518
Validation rmse = 4.973549
Epoch 519
Validation rmse = 4.869916
Epoch 520
Loss = 1.2538e-02, PNorm = 39.2357, GNorm = 0.4777, lr_0 = 1.6574e-04
Validation rmse = 4.893314
Epoch 521
Validation rmse = 5.060351
Epoch 522
Validation rmse = 4.901848
Epoch 523
Validation rmse = 5.035018
Epoch 524
Loss = 1.6875e-02, PNorm = 39.2409, GNorm = 0.8338, lr_0 = 1.6347e-04
Validation rmse = 4.943369
Epoch 525
Validation rmse = 4.943270
Epoch 526
Validation rmse = 4.940077
Epoch 527
Validation rmse = 4.907165
Epoch 528
Loss = 1.4623e-02, PNorm = 39.2459, GNorm = 0.6028, lr_0 = 1.6103e-04
Validation rmse = 4.956345
Epoch 529
Validation rmse = 4.964750
Epoch 530
Validation rmse = 5.055398
Epoch 531
Validation rmse = 5.004245
Epoch 532
Loss = 2.1335e-02, PNorm = 39.2503, GNorm = 0.6499, lr_0 = 1.5882e-04
Validation rmse = 5.032665
Epoch 533
Validation rmse = 4.934368
Epoch 534
Validation rmse = 4.852783
Epoch 535
Validation rmse = 4.971644
Epoch 536
Loss = 3.0075e-02, PNorm = 39.2543, GNorm = 2.1689, lr_0 = 1.5664e-04
Validation rmse = 4.719885
Epoch 537
Validation rmse = 4.835559
Epoch 538
Validation rmse = 4.937379
Epoch 539
Validation rmse = 4.810046
Epoch 540
Loss = 2.7074e-02, PNorm = 39.2581, GNorm = 0.3474, lr_0 = 1.5448e-04
Loss = 3.2029e-02, PNorm = 39.2584, GNorm = 2.0715, lr_0 = 1.5430e-04
Validation rmse = 5.016292
Epoch 541
Validation rmse = 4.852641
Epoch 542
Validation rmse = 4.947658
Epoch 543
Validation rmse = 4.975360
Epoch 544
Loss = 2.8785e-02, PNorm = 39.2621, GNorm = 0.8773, lr_0 = 1.5236e-04
Loss = 2.2994e-03, PNorm = 39.2625, GNorm = 0.6151, lr_0 = 1.5218e-04
Validation rmse = 4.829008
Epoch 545
Validation rmse = 4.898188
Epoch 546
Validation rmse = 4.929730
Epoch 547
Validation rmse = 4.956627
Epoch 548
Loss = 2.8340e-02, PNorm = 39.2665, GNorm = 0.3802, lr_0 = 1.5026e-04
Loss = 2.1703e-03, PNorm = 39.2668, GNorm = 0.4961, lr_0 = 1.5009e-04
Validation rmse = 4.967519
Epoch 549
Validation rmse = 5.002112
Epoch 550
Validation rmse = 4.990404
Epoch 551
Validation rmse = 5.011927
Epoch 552
Loss = 2.1380e-02, PNorm = 39.2700, GNorm = 1.0904, lr_0 = 1.4803e-04
Validation rmse = 4.900737
Epoch 553
Validation rmse = 4.999676
Epoch 554
Validation rmse = 4.943725
Epoch 555
Validation rmse = 4.798558
Epoch 556
Loss = 2.7710e-02, PNorm = 39.2735, GNorm = 1.7769, lr_0 = 1.4599e-04
Validation rmse = 5.004658
Epoch 557
Validation rmse = 4.906002
Epoch 558
Validation rmse = 4.862937
Epoch 559
Validation rmse = 4.996952
Epoch 560
Loss = 3.3881e-02, PNorm = 39.2777, GNorm = 1.6381, lr_0 = 1.4398e-04
Validation rmse = 4.816801
Epoch 561
Validation rmse = 4.918477
Epoch 562
Validation rmse = 5.024720
Epoch 563
Validation rmse = 4.808684
Epoch 564
Validation rmse = 5.046067
Epoch 565
Loss = 2.7035e-02, PNorm = 39.2831, GNorm = 1.0324, lr_0 = 1.4184e-04
Validation rmse = 5.022283
Epoch 566
Validation rmse = 4.843244
Epoch 567
Validation rmse = 5.092665
Epoch 568
Validation rmse = 4.895575
Epoch 569
Loss = 1.7970e-02, PNorm = 39.2867, GNorm = 1.0043, lr_0 = 1.3989e-04
Validation rmse = 4.928909
Epoch 570
Validation rmse = 5.184941
Epoch 571
Validation rmse = 4.928401
Epoch 572
Validation rmse = 5.000738
Epoch 573
Loss = 1.9743e-02, PNorm = 39.2907, GNorm = 0.5410, lr_0 = 1.3797e-04
Validation rmse = 5.111922
Epoch 574
Validation rmse = 4.822231
Epoch 575
Validation rmse = 4.894614
Epoch 576
Validation rmse = 4.903954
Epoch 577
Loss = 1.1763e-02, PNorm = 39.2950, GNorm = 0.8059, lr_0 = 1.3607e-04
Validation rmse = 5.055710
Epoch 578
Validation rmse = 5.101300
Epoch 579
Validation rmse = 5.061203
Epoch 580
Validation rmse = 5.068014
Epoch 581
Loss = 3.1561e-02, PNorm = 39.2981, GNorm = 1.2414, lr_0 = 1.3420e-04
Validation rmse = 4.863800
Epoch 582
Validation rmse = 4.837755
Epoch 583
Validation rmse = 4.857921
Epoch 584
Validation rmse = 4.773075
Epoch 585
Loss = 1.3156e-02, PNorm = 39.3018, GNorm = 1.4153, lr_0 = 1.3236e-04
Validation rmse = 4.914372
Epoch 586
Validation rmse = 4.927437
Epoch 587
Validation rmse = 4.941979
Epoch 588
Validation rmse = 5.119211
Epoch 589
Loss = 2.8927e-02, PNorm = 39.3060, GNorm = 1.4559, lr_0 = 1.3039e-04
Validation rmse = 5.066317
Epoch 590
Validation rmse = 5.050704
Epoch 591
Validation rmse = 5.078954
Epoch 592
Validation rmse = 4.924037
Epoch 593
Loss = 2.8273e-02, PNorm = 39.3086, GNorm = 2.0881, lr_0 = 1.2859e-04
Validation rmse = 5.030766
Epoch 594
Validation rmse = 4.985256
Epoch 595
Validation rmse = 4.918066
Epoch 596
Validation rmse = 5.062122
Epoch 597
Loss = 1.9448e-02, PNorm = 39.3115, GNorm = 0.8463, lr_0 = 1.2683e-04
Validation rmse = 5.003788
Epoch 598
Validation rmse = 5.017119
Epoch 599
Validation rmse = 4.976254
Epoch 600
Validation rmse = 4.933028
Epoch 601
Loss = 2.5620e-02, PNorm = 39.3147, GNorm = 0.3778, lr_0 = 1.2508e-04
Loss = 4.8327e-03, PNorm = 39.3149, GNorm = 0.6041, lr_0 = 1.2494e-04
Validation rmse = 4.939703
Epoch 602
Validation rmse = 4.915771
Epoch 603
Validation rmse = 4.938362
Epoch 604
Validation rmse = 5.091309
Epoch 605
Loss = 2.8077e-02, PNorm = 39.3176, GNorm = 1.1595, lr_0 = 1.2336e-04
Loss = 4.5614e-03, PNorm = 39.3178, GNorm = 1.0821, lr_0 = 1.2322e-04
Validation rmse = 5.043122
Epoch 606
Validation rmse = 4.977435
Epoch 607
Validation rmse = 5.044716
Epoch 608
Validation rmse = 4.944861
Epoch 609
Loss = 2.4816e-02, PNorm = 39.3200, GNorm = 1.9330, lr_0 = 1.2167e-04
Loss = 1.5749e-02, PNorm = 39.3203, GNorm = 1.2480, lr_0 = 1.2153e-04
Validation rmse = 4.918841
Epoch 610
Validation rmse = 4.992021
Epoch 611
Validation rmse = 4.964462
Epoch 612
Validation rmse = 5.053452
Epoch 613
Loss = 2.0402e-02, PNorm = 39.3233, GNorm = 1.0608, lr_0 = 1.1986e-04
Validation rmse = 5.000805
Epoch 614
Validation rmse = 4.985180
Epoch 615
Validation rmse = 5.028450
Epoch 616
Validation rmse = 4.998248
Epoch 617
Loss = 2.4771e-02, PNorm = 39.3263, GNorm = 1.5459, lr_0 = 1.1821e-04
Validation rmse = 5.058125
Epoch 618
Validation rmse = 5.022045
Epoch 619
Validation rmse = 4.964299
Epoch 620
Validation rmse = 5.043431
Epoch 621
Loss = 1.9063e-02, PNorm = 39.3291, GNorm = 1.0171, lr_0 = 1.1658e-04
Validation rmse = 4.968446
Epoch 622
Validation rmse = 4.928692
Epoch 623
Validation rmse = 5.013096
Epoch 624
Validation rmse = 4.882499
Epoch 625
Validation rmse = 4.924880
Epoch 626
Loss = 4.3380e-03, PNorm = 39.3318, GNorm = 1.0642, lr_0 = 1.1485e-04
Validation rmse = 5.097454
Epoch 627
Validation rmse = 4.985457
Epoch 628
Validation rmse = 5.004685
Epoch 629
Validation rmse = 5.052230
Epoch 630
Loss = 2.1927e-02, PNorm = 39.3346, GNorm = 1.2872, lr_0 = 1.1327e-04
Validation rmse = 4.839481
Epoch 631
Validation rmse = 5.048341
Epoch 632
Validation rmse = 5.071794
Epoch 633
Validation rmse = 5.007043
Epoch 634
Loss = 1.6340e-02, PNorm = 39.3384, GNorm = 1.6012, lr_0 = 1.1171e-04
Validation rmse = 5.131828
Epoch 635
Validation rmse = 5.074440
Epoch 636
Validation rmse = 4.982229
Epoch 637
Validation rmse = 5.051311
Epoch 638
Loss = 3.7839e-02, PNorm = 39.3415, GNorm = 0.5426, lr_0 = 1.1018e-04
Validation rmse = 4.999469
Epoch 639
Validation rmse = 4.781431
Epoch 640
Validation rmse = 4.981151
Epoch 641
Validation rmse = 5.099858
Epoch 642
Loss = 4.3950e-02, PNorm = 39.3450, GNorm = 1.1758, lr_0 = 1.0866e-04
Validation rmse = 4.937765
Epoch 643
Validation rmse = 5.098460
Epoch 644
Validation rmse = 5.096008
Epoch 645
Validation rmse = 4.908390
Epoch 646
Loss = 1.6137e-02, PNorm = 39.3476, GNorm = 1.7093, lr_0 = 1.0717e-04
Validation rmse = 4.948503
Epoch 647
Validation rmse = 4.920672
Epoch 648
Validation rmse = 4.928089
Epoch 649
Validation rmse = 4.970271
Epoch 650
Loss = 1.9623e-02, PNorm = 39.3502, GNorm = 1.1047, lr_0 = 1.0569e-04
Validation rmse = 5.032184
Epoch 651
Validation rmse = 4.991633
Epoch 652
Validation rmse = 4.917791
Epoch 653
Validation rmse = 4.978388
Epoch 654
Loss = 1.7664e-02, PNorm = 39.3530, GNorm = 0.6088, lr_0 = 1.0412e-04
Validation rmse = 5.002734
Epoch 655
Validation rmse = 4.986320
Epoch 656
Validation rmse = 5.059809
Epoch 657
Validation rmse = 4.966436
Epoch 658
Loss = 2.4139e-02, PNorm = 39.3556, GNorm = 0.7281, lr_0 = 1.0269e-04
Validation rmse = 5.016726
Epoch 659
Validation rmse = 5.028922
Epoch 660
Validation rmse = 5.006730
Epoch 661
Validation rmse = 5.116174
Epoch 662
Loss = 1.1268e-02, PNorm = 39.3585, GNorm = 0.7124, lr_0 = 1.0128e-04
Loss = 7.2472e-02, PNorm = 39.3587, GNorm = 3.9359, lr_0 = 1.0116e-04
Validation rmse = 5.131848
Epoch 663
Validation rmse = 5.075633
Epoch 664
Validation rmse = 4.989817
Epoch 665
Validation rmse = 5.062290
Epoch 666
Loss = 1.9469e-02, PNorm = 39.3609, GNorm = 1.3602, lr_0 = 1.0000e-04
Loss = 3.0917e-02, PNorm = 39.3612, GNorm = 3.0197, lr_0 = 1.0000e-04
Validation rmse = 4.980255
Epoch 667
Validation rmse = 5.006652
Epoch 668
Validation rmse = 5.146734
Epoch 669
Validation rmse = 5.033533
Epoch 670
Loss = 2.4364e-02, PNorm = 39.3637, GNorm = 0.6886, lr_0 = 1.0000e-04
Loss = 5.3102e-03, PNorm = 39.3639, GNorm = 1.1001, lr_0 = 1.0000e-04
Validation rmse = 5.047271
Epoch 671
Validation rmse = 5.046854
Epoch 672
Validation rmse = 5.015603
Epoch 673
Validation rmse = 5.107895
Epoch 674
Loss = 1.9347e-02, PNorm = 39.3659, GNorm = 1.1568, lr_0 = 1.0000e-04
Loss = 2.8456e-02, PNorm = 39.3660, GNorm = 1.3561, lr_0 = 1.0000e-04
Validation rmse = 5.052402
Epoch 675
Validation rmse = 5.015875
Epoch 676
Validation rmse = 4.994479
Epoch 677
Validation rmse = 4.947054
Epoch 678
Loss = 2.0509e-02, PNorm = 39.3684, GNorm = 1.1272, lr_0 = 1.0000e-04
Validation rmse = 5.042106
Epoch 679
Validation rmse = 5.015680
Epoch 680
Validation rmse = 4.993389
Epoch 681
Validation rmse = 5.084502
Epoch 682
Loss = 2.5459e-02, PNorm = 39.3704, GNorm = 3.1013, lr_0 = 1.0000e-04
Validation rmse = 5.116879
Epoch 683
Validation rmse = 5.042880
Epoch 684
Validation rmse = 4.884960
Epoch 685
Validation rmse = 5.035883
Epoch 686
Loss = 1.8377e-02, PNorm = 39.3728, GNorm = 1.4404, lr_0 = 1.0000e-04
Validation rmse = 5.095621
Epoch 687
Validation rmse = 4.951107
Epoch 688
Validation rmse = 5.073936
Epoch 689
Validation rmse = 5.106592
Epoch 690
Validation rmse = 4.898460
Epoch 691
Loss = 2.8798e-02, PNorm = 39.3753, GNorm = 1.3392, lr_0 = 1.0000e-04
Validation rmse = 4.986559
Epoch 692
Validation rmse = 5.048091
Epoch 693
Validation rmse = 4.913157
Epoch 694
Validation rmse = 4.945533
Epoch 695
Loss = 1.0729e-02, PNorm = 39.3779, GNorm = 0.5578, lr_0 = 1.0000e-04
Validation rmse = 5.033645
Epoch 696
Validation rmse = 4.976540
Epoch 697
Validation rmse = 5.015017
Epoch 698
Validation rmse = 5.045560
Epoch 699
Loss = 2.0520e-02, PNorm = 39.3806, GNorm = 0.4089, lr_0 = 1.0000e-04
Validation rmse = 5.015019
Epoch 700
Validation rmse = 5.034858
Epoch 701
Validation rmse = 5.057754
Epoch 702
Validation rmse = 4.980668
Epoch 703
Loss = 3.7514e-02, PNorm = 39.3827, GNorm = 1.0958, lr_0 = 1.0000e-04
Validation rmse = 5.011489
Epoch 704
Validation rmse = 5.025988
Epoch 705
Validation rmse = 4.982975
Epoch 706
Validation rmse = 4.956852
Epoch 707
Loss = 1.3931e-02, PNorm = 39.3851, GNorm = 1.0606, lr_0 = 1.0000e-04
Validation rmse = 5.010056
Epoch 708
Validation rmse = 4.944524
Epoch 709
Validation rmse = 4.982609
Epoch 710
Validation rmse = 5.020441
Epoch 711
Loss = 1.9273e-02, PNorm = 39.3876, GNorm = 1.3704, lr_0 = 1.0000e-04
Validation rmse = 5.003712
Epoch 712
Validation rmse = 5.121982
Epoch 713
Validation rmse = 5.037603
Epoch 714
Validation rmse = 5.084184
Epoch 715
Loss = 1.6077e-02, PNorm = 39.3904, GNorm = 1.2867, lr_0 = 1.0000e-04
Validation rmse = 5.150875
Epoch 716
Validation rmse = 4.993286
Epoch 717
Validation rmse = 4.979303
Epoch 718
Validation rmse = 5.080964
Epoch 719
Loss = 2.0531e-02, PNorm = 39.3929, GNorm = 1.6260, lr_0 = 1.0000e-04
Validation rmse = 4.951196
Epoch 720
Validation rmse = 4.946614
Epoch 721
Validation rmse = 4.998587
Epoch 722
Validation rmse = 4.927653
Epoch 723
Loss = 2.3440e-02, PNorm = 39.3952, GNorm = 1.2959, lr_0 = 1.0000e-04
Validation rmse = 5.038197
Epoch 724
Validation rmse = 4.975216
Epoch 725
Validation rmse = 4.997489
Epoch 726
Validation rmse = 5.051270
Epoch 727
Loss = 1.3166e-02, PNorm = 39.3979, GNorm = 0.7147, lr_0 = 1.0000e-04
Loss = 4.5468e-02, PNorm = 39.3981, GNorm = 2.2926, lr_0 = 1.0000e-04
Validation rmse = 5.004216
Epoch 728
Validation rmse = 5.157608
Epoch 729
Validation rmse = 4.996439
Epoch 730
Validation rmse = 4.903325
Epoch 731
Loss = 1.8822e-02, PNorm = 39.4003, GNorm = 0.7036, lr_0 = 1.0000e-04
Loss = 3.8625e-02, PNorm = 39.4007, GNorm = 3.3302, lr_0 = 1.0000e-04
Validation rmse = 5.087664
Epoch 732
Validation rmse = 4.979025
Epoch 733
Validation rmse = 5.068821
Epoch 734
Validation rmse = 5.083289
Epoch 735
Loss = 2.3842e-02, PNorm = 39.4026, GNorm = 0.9361, lr_0 = 1.0000e-04
Loss = 1.2151e-03, PNorm = 39.4027, GNorm = 0.3037, lr_0 = 1.0000e-04
Validation rmse = 5.032017
Epoch 736
Validation rmse = 5.074800
Epoch 737
Validation rmse = 5.078120
Epoch 738
Validation rmse = 5.013157
Epoch 739
Loss = 2.3646e-02, PNorm = 39.4050, GNorm = 3.0060, lr_0 = 1.0000e-04
Validation rmse = 5.064704
Epoch 740
Validation rmse = 5.097942
Epoch 741
Validation rmse = 4.960499
Epoch 742
Validation rmse = 5.114643
Epoch 743
Loss = 2.5611e-02, PNorm = 39.4070, GNorm = 3.1868, lr_0 = 1.0000e-04
Validation rmse = 4.945638
Epoch 744
Validation rmse = 4.863540
Epoch 745
Validation rmse = 5.073482
Epoch 746
Validation rmse = 4.918320
Epoch 747
Loss = 2.7884e-02, PNorm = 39.4092, GNorm = 4.1118, lr_0 = 1.0000e-04
Validation rmse = 4.958808
Epoch 748
Validation rmse = 5.121760
Epoch 749
Validation rmse = 4.920696
Epoch 750
Validation rmse = 5.120947
Epoch 751
Validation rmse = 5.135852
Epoch 752
Loss = 2.1405e-02, PNorm = 39.4117, GNorm = 2.8477, lr_0 = 1.0000e-04
Validation rmse = 4.836604
Epoch 753
Validation rmse = 5.034162
Epoch 754
Validation rmse = 4.962164
Epoch 755
Validation rmse = 4.879192
Epoch 756
Loss = 2.0332e-02, PNorm = 39.4138, GNorm = 1.4022, lr_0 = 1.0000e-04
Validation rmse = 5.194851
Epoch 757
Validation rmse = 5.039643
Epoch 758
Validation rmse = 4.964269
Epoch 759
Validation rmse = 5.046598
Epoch 760
Loss = 1.2852e-02, PNorm = 39.4160, GNorm = 0.7352, lr_0 = 1.0000e-04
Validation rmse = 4.970503
Epoch 761
Validation rmse = 4.966365
Epoch 762
Validation rmse = 5.068454
Epoch 763
Validation rmse = 5.024048
Epoch 764
Loss = 2.3917e-03, PNorm = 39.4184, GNorm = 0.3066, lr_0 = 1.0000e-04
Validation rmse = 4.957442
Epoch 765
Validation rmse = 5.071199
Epoch 766
Validation rmse = 4.988704
Epoch 767
Validation rmse = 5.019955
Epoch 768
Loss = 1.1866e-02, PNorm = 39.4212, GNorm = 0.6626, lr_0 = 1.0000e-04
Validation rmse = 5.151212
Epoch 769
Validation rmse = 5.054712
Epoch 770
Validation rmse = 5.037822
Epoch 771
Validation rmse = 5.032655
Epoch 772
Loss = 1.5323e-02, PNorm = 39.4235, GNorm = 1.1285, lr_0 = 1.0000e-04
Validation rmse = 4.979928
Epoch 773
Validation rmse = 5.067989
Epoch 774
Validation rmse = 5.010740
Epoch 775
Validation rmse = 5.130668
Epoch 776
Loss = 1.5801e-02, PNorm = 39.4264, GNorm = 1.1328, lr_0 = 1.0000e-04
Validation rmse = 5.127600
Epoch 777
Validation rmse = 5.045937
Epoch 778
Validation rmse = 5.000524
Epoch 779
Validation rmse = 4.996762
Epoch 780
Loss = 1.8908e-02, PNorm = 39.4285, GNorm = 1.5594, lr_0 = 1.0000e-04
Validation rmse = 4.944028
Epoch 781
Validation rmse = 4.868571
Epoch 782
Validation rmse = 4.924030
Epoch 783
Validation rmse = 4.996772
Epoch 784
Loss = 1.8363e-02, PNorm = 39.4312, GNorm = 0.6990, lr_0 = 1.0000e-04
Validation rmse = 5.099360
Epoch 785
Validation rmse = 5.022332
Epoch 786
Validation rmse = 5.091713
Epoch 787
Validation rmse = 5.083095
Epoch 788
Loss = 1.8717e-02, PNorm = 39.4336, GNorm = 1.4651, lr_0 = 1.0000e-04
Loss = 2.4554e-02, PNorm = 39.4338, GNorm = 2.2756, lr_0 = 1.0000e-04
Validation rmse = 5.062804
Epoch 789
Validation rmse = 5.041150
Epoch 790
Validation rmse = 5.121415
Epoch 791
Validation rmse = 5.038039
Epoch 792
Loss = 2.1900e-02, PNorm = 39.4354, GNorm = 1.6890, lr_0 = 1.0000e-04
Loss = 3.3180e-03, PNorm = 39.4356, GNorm = 0.3804, lr_0 = 1.0000e-04
Validation rmse = 5.101004
Epoch 793
Validation rmse = 5.072821
Epoch 794
Validation rmse = 5.022096
Epoch 795
Validation rmse = 5.058714
Epoch 796
Loss = 2.0931e-02, PNorm = 39.4377, GNorm = 1.1804, lr_0 = 1.0000e-04
Loss = 3.0604e-03, PNorm = 39.4378, GNorm = 0.5042, lr_0 = 1.0000e-04
Validation rmse = 5.020072
Epoch 797
Validation rmse = 5.030669
Epoch 798
Validation rmse = 5.035791
Epoch 799
Validation rmse = 5.060129
Epoch 800
Loss = 2.1021e-02, PNorm = 39.4399, GNorm = 1.1805, lr_0 = 1.0000e-04
Loss = 6.7701e-03, PNorm = 39.4400, GNorm = 1.4355, lr_0 = 1.0000e-04
Validation rmse = 5.034855
Epoch 801
Validation rmse = 4.906606
Epoch 802
Validation rmse = 5.070753
Epoch 803
Validation rmse = 4.998437
Epoch 804
Loss = 1.6238e-02, PNorm = 39.4427, GNorm = 2.2596, lr_0 = 1.0000e-04
Validation rmse = 5.024153
Epoch 805
Validation rmse = 5.181967
Epoch 806
Validation rmse = 5.100909
Epoch 807
Validation rmse = 5.092873
Epoch 808
Loss = 1.9359e-02, PNorm = 39.4445, GNorm = 2.3776, lr_0 = 1.0000e-04
Validation rmse = 4.952550
Epoch 809
Validation rmse = 4.942949
Epoch 810
Validation rmse = 4.894763
Epoch 811
Validation rmse = 4.939723
Epoch 812
Validation rmse = 4.957096
Epoch 813
Loss = 2.2581e-02, PNorm = 39.4476, GNorm = 0.4137, lr_0 = 1.0000e-04
Validation rmse = 5.049438
Epoch 814
Validation rmse = 5.137843
Epoch 815
Validation rmse = 5.071647
Epoch 816
Validation rmse = 5.155060
Epoch 817
Loss = 2.4629e-02, PNorm = 39.4496, GNorm = 0.9815, lr_0 = 1.0000e-04
Validation rmse = 5.028925
Epoch 818
Validation rmse = 5.037271
Epoch 819
Validation rmse = 5.078486
Epoch 820
Validation rmse = 4.985887
Epoch 821
Loss = 3.4359e-02, PNorm = 39.4517, GNorm = 1.7408, lr_0 = 1.0000e-04
Validation rmse = 5.095968
Epoch 822
Validation rmse = 5.062360
Epoch 823
Validation rmse = 5.084244
Epoch 824
Validation rmse = 5.084226
Epoch 825
Loss = 2.3244e-02, PNorm = 39.4542, GNorm = 1.2776, lr_0 = 1.0000e-04
Validation rmse = 5.010377
Epoch 826
Validation rmse = 5.056329
Epoch 827
Validation rmse = 5.131088
Epoch 828
Validation rmse = 5.045443
Epoch 829
Loss = 5.6793e-03, PNorm = 39.4566, GNorm = 1.0014, lr_0 = 1.0000e-04
Validation rmse = 5.097289
Epoch 830
Validation rmse = 5.134317
Epoch 831
Validation rmse = 5.039402
Epoch 832
Validation rmse = 5.036296
Epoch 833
Loss = 1.8118e-02, PNorm = 39.4586, GNorm = 0.5694, lr_0 = 1.0000e-04
Validation rmse = 5.087388
Epoch 834
Validation rmse = 5.049420
Epoch 835
Validation rmse = 5.047174
Epoch 836
Validation rmse = 5.188613
Epoch 837
Loss = 2.1016e-02, PNorm = 39.4607, GNorm = 1.2978, lr_0 = 1.0000e-04
Validation rmse = 5.122234
Epoch 838
Validation rmse = 4.966551
Epoch 839
Validation rmse = 5.103385
Epoch 840
Validation rmse = 5.011868
Epoch 841
Loss = 1.8707e-02, PNorm = 39.4630, GNorm = 2.1316, lr_0 = 1.0000e-04
Validation rmse = 4.980622
Epoch 842
Validation rmse = 5.056917
Epoch 843
Validation rmse = 4.878530
Epoch 844
Validation rmse = 5.018001
Epoch 845
Loss = 2.3739e-02, PNorm = 39.4652, GNorm = 1.9256, lr_0 = 1.0000e-04
Validation rmse = 4.951304
Epoch 846
Validation rmse = 4.944799
Epoch 847
Validation rmse = 5.096221
Epoch 848
Validation rmse = 5.043756
Epoch 849
Loss = 1.5530e-02, PNorm = 39.4674, GNorm = 0.5390, lr_0 = 1.0000e-04
Validation rmse = 5.029305
Epoch 850
Validation rmse = 5.046794
Epoch 851
Validation rmse = 5.096040
Epoch 852
Validation rmse = 5.115519
Epoch 853
Loss = 1.8582e-02, PNorm = 39.4699, GNorm = 1.8472, lr_0 = 1.0000e-04
Loss = 1.4530e-02, PNorm = 39.4701, GNorm = 1.7051, lr_0 = 1.0000e-04
Validation rmse = 5.123622
Epoch 854
Validation rmse = 5.119290
Epoch 855
Validation rmse = 5.130285
Epoch 856
Validation rmse = 5.118207
Epoch 857
Loss = 1.4082e-02, PNorm = 39.4719, GNorm = 0.6691, lr_0 = 1.0000e-04
Loss = 3.0939e-02, PNorm = 39.4720, GNorm = 2.8635, lr_0 = 1.0000e-04
Validation rmse = 5.076159
Epoch 858
Validation rmse = 4.990963
Epoch 859
Validation rmse = 4.935642
Epoch 860
Validation rmse = 5.079261
Epoch 861
Loss = 2.1482e-02, PNorm = 39.4743, GNorm = 0.9169, lr_0 = 1.0000e-04
Loss = 6.9869e-03, PNorm = 39.4745, GNorm = 0.4471, lr_0 = 1.0000e-04
Validation rmse = 5.054296
Epoch 862
Validation rmse = 5.059448
Epoch 863
Validation rmse = 5.076501
Epoch 864
Validation rmse = 5.112855
Epoch 865
Loss = 1.9654e-02, PNorm = 39.4763, GNorm = 1.4338, lr_0 = 1.0000e-04
Validation rmse = 5.015414
Epoch 866
Validation rmse = 4.907291
Epoch 867
Validation rmse = 5.063198
Epoch 868
Validation rmse = 4.977296
Epoch 869
Loss = 1.4751e-02, PNorm = 39.4789, GNorm = 0.4201, lr_0 = 1.0000e-04
Validation rmse = 5.034468
Epoch 870
Validation rmse = 5.118763
Epoch 871
Validation rmse = 5.057366
Epoch 872
Validation rmse = 5.048186
Epoch 873
Loss = 1.4838e-02, PNorm = 39.4810, GNorm = 1.2751, lr_0 = 1.0000e-04
Validation rmse = 5.067045
Epoch 874
Validation rmse = 5.055446
Epoch 875
Validation rmse = 5.081277
Epoch 876
Validation rmse = 5.035343
Epoch 877
Validation rmse = 5.153829
Epoch 878
Loss = 2.3617e-02, PNorm = 39.4837, GNorm = 1.0303, lr_0 = 1.0000e-04
Validation rmse = 5.149573
Epoch 879
Validation rmse = 5.117253
Epoch 880
Validation rmse = 5.130109
Epoch 881
Validation rmse = 5.056648
Epoch 882
Loss = 2.0350e-02, PNorm = 39.4857, GNorm = 0.4512, lr_0 = 1.0000e-04
Validation rmse = 5.088986
Epoch 883
Validation rmse = 5.090138
Epoch 884
Validation rmse = 5.005812
Epoch 885
Validation rmse = 5.123880
Epoch 886
Loss = 1.5418e-02, PNorm = 39.4876, GNorm = 1.7755, lr_0 = 1.0000e-04
Validation rmse = 5.111155
Epoch 887
Validation rmse = 5.164160
Epoch 888
Validation rmse = 5.059790
Epoch 889
Validation rmse = 5.107792
Epoch 890
Loss = 2.8272e-03, PNorm = 39.4892, GNorm = 0.4111, lr_0 = 1.0000e-04
Validation rmse = 5.076855
Epoch 891
Validation rmse = 5.017215
Epoch 892
Validation rmse = 5.086697
Epoch 893
Validation rmse = 5.100893
Epoch 894
Loss = 2.3747e-02, PNorm = 39.4914, GNorm = 1.5755, lr_0 = 1.0000e-04
Validation rmse = 5.146634
Epoch 895
Validation rmse = 5.081592
Epoch 896
Validation rmse = 5.176261
Epoch 897
Validation rmse = 5.078404
Epoch 898
Loss = 7.7305e-03, PNorm = 39.4936, GNorm = 0.7263, lr_0 = 1.0000e-04
Validation rmse = 5.137379
Epoch 899
Validation rmse = 5.029505
Epoch 900
Validation rmse = 4.968532
Epoch 901
Validation rmse = 5.127760
Epoch 902
Loss = 1.2125e-02, PNorm = 39.4961, GNorm = 1.7727, lr_0 = 1.0000e-04
Validation rmse = 5.077415
Epoch 903
Validation rmse = 5.081762
Epoch 904
Validation rmse = 5.123597
Epoch 905
Validation rmse = 4.997596
Epoch 906
Loss = 2.1641e-02, PNorm = 39.4985, GNorm = 1.5619, lr_0 = 1.0000e-04
Validation rmse = 5.028701
Epoch 907
Validation rmse = 4.941559
Epoch 908
Validation rmse = 5.031237
Epoch 909
Validation rmse = 5.085044
Epoch 910
Loss = 1.3836e-02, PNorm = 39.5010, GNorm = 0.8689, lr_0 = 1.0000e-04
Validation rmse = 5.154553
Epoch 911
Validation rmse = 5.193108
Epoch 912
Validation rmse = 5.079225
Epoch 913
Validation rmse = 5.121737
Epoch 914
Loss = 1.9149e-02, PNorm = 39.5032, GNorm = 0.3930, lr_0 = 1.0000e-04
Loss = 2.4088e-03, PNorm = 39.5033, GNorm = 0.8735, lr_0 = 1.0000e-04
Validation rmse = 5.026638
Epoch 915
Validation rmse = 5.066405
Epoch 916
Validation rmse = 5.057533
Epoch 917
Validation rmse = 5.062371
Epoch 918
Loss = 1.9531e-02, PNorm = 39.5055, GNorm = 1.3121, lr_0 = 1.0000e-04
Loss = 5.8685e-03, PNorm = 39.5057, GNorm = 1.4322, lr_0 = 1.0000e-04
Validation rmse = 5.104409
Epoch 919
Validation rmse = 5.029721
Epoch 920
Validation rmse = 5.148454
Epoch 921
Validation rmse = 5.105395
Epoch 922
Loss = 1.8576e-02, PNorm = 39.5076, GNorm = 0.6247, lr_0 = 1.0000e-04
Loss = 2.7415e-03, PNorm = 39.5077, GNorm = 0.4767, lr_0 = 1.0000e-04
Validation rmse = 5.069363
Epoch 923
Validation rmse = 5.117718
Epoch 924
Validation rmse = 5.084614
Epoch 925
Validation rmse = 5.066372
Epoch 926
Loss = 1.3296e-02, PNorm = 39.5096, GNorm = 0.3680, lr_0 = 1.0000e-04
Validation rmse = 5.082992
Epoch 927
Validation rmse = 5.052460
Epoch 928
Validation rmse = 5.140475
Epoch 929
Validation rmse = 5.089272
Epoch 930
Loss = 2.7389e-02, PNorm = 39.5116, GNorm = 5.1531, lr_0 = 1.0000e-04
Validation rmse = 5.079142
Epoch 931
Validation rmse = 5.072703
Epoch 932
Validation rmse = 4.954266
Epoch 933
Validation rmse = 5.171074
Epoch 934
Loss = 1.7700e-02, PNorm = 39.5147, GNorm = 2.0694, lr_0 = 1.0000e-04
Validation rmse = 4.961051
Epoch 935
Validation rmse = 5.136959
Epoch 936
Validation rmse = 5.081844
Epoch 937
Validation rmse = 5.127128
Epoch 938
Validation rmse = 5.185628
Epoch 939
Loss = 1.7587e-02, PNorm = 39.5176, GNorm = 1.4565, lr_0 = 1.0000e-04
Validation rmse = 4.977401
Epoch 940
Validation rmse = 5.073202
Epoch 941
Validation rmse = 4.896428
Epoch 942
Validation rmse = 5.043431
Epoch 943
Loss = 1.4865e-02, PNorm = 39.5198, GNorm = 1.6656, lr_0 = 1.0000e-04
Validation rmse = 5.075209
Epoch 944
Validation rmse = 5.016112
Epoch 945
Validation rmse = 5.032892
Epoch 946
Validation rmse = 5.038638
Epoch 947
Loss = 2.2968e-02, PNorm = 39.5219, GNorm = 1.0340, lr_0 = 1.0000e-04
Validation rmse = 5.010354
Epoch 948
Validation rmse = 5.178869
Epoch 949
Validation rmse = 5.158573
Epoch 950
Validation rmse = 5.089815
Epoch 951
Loss = 1.5318e-02, PNorm = 39.5235, GNorm = 0.3058, lr_0 = 1.0000e-04
Validation rmse = 5.068344
Epoch 952
Validation rmse = 4.955745
Epoch 953
Validation rmse = 4.926467
Epoch 954
Validation rmse = 4.989180
Epoch 955
Loss = 3.4707e-03, PNorm = 39.5259, GNorm = 0.3636, lr_0 = 1.0000e-04
Validation rmse = 5.041816
Epoch 956
Validation rmse = 5.063135
Epoch 957
Validation rmse = 5.030243
Epoch 958
Validation rmse = 4.944588
Epoch 959
Loss = 2.7140e-02, PNorm = 39.5281, GNorm = 1.0926, lr_0 = 1.0000e-04
Validation rmse = 5.008037
Epoch 960
Validation rmse = 4.898938
Epoch 961
Validation rmse = 5.018790
Epoch 962
Validation rmse = 4.958390
Epoch 963
Loss = 1.9735e-02, PNorm = 39.5304, GNorm = 0.5869, lr_0 = 1.0000e-04
Validation rmse = 5.075474
Epoch 964
Validation rmse = 5.209198
Epoch 965
Validation rmse = 5.077701
Epoch 966
Validation rmse = 5.133309
Epoch 967
Loss = 1.3113e-02, PNorm = 39.5322, GNorm = 1.1521, lr_0 = 1.0000e-04
Validation rmse = 5.097609
Epoch 968
Validation rmse = 5.040923
Epoch 969
Validation rmse = 5.152461
Epoch 970
Validation rmse = 5.017450
Epoch 971
Loss = 2.3155e-02, PNorm = 39.5346, GNorm = 2.7813, lr_0 = 1.0000e-04
Validation rmse = 5.232152
Epoch 972
Validation rmse = 5.108544
Epoch 973
Validation rmse = 5.087760
Epoch 974
Validation rmse = 5.148939
Epoch 975
Loss = 1.0841e-02, PNorm = 39.5365, GNorm = 1.1140, lr_0 = 1.0000e-04
Loss = 5.7710e-02, PNorm = 39.5367, GNorm = 4.8788, lr_0 = 1.0000e-04
Validation rmse = 4.917524
Epoch 976
Validation rmse = 5.103648
Epoch 977
Validation rmse = 4.926443
Epoch 978
Validation rmse = 5.041119
Epoch 979
Loss = 1.3087e-02, PNorm = 39.5395, GNorm = 0.3938, lr_0 = 1.0000e-04
Loss = 2.8669e-02, PNorm = 39.5398, GNorm = 2.1401, lr_0 = 1.0000e-04
Validation rmse = 5.107554
Epoch 980
Validation rmse = 5.126141
Epoch 981
Validation rmse = 5.118484
Epoch 982
Validation rmse = 5.180886
Epoch 983
Loss = 1.4772e-02, PNorm = 39.5415, GNorm = 0.5054, lr_0 = 1.0000e-04
Loss = 1.8966e-02, PNorm = 39.5416, GNorm = 2.3253, lr_0 = 1.0000e-04
Validation rmse = 5.050432
Epoch 984
Validation rmse = 5.056247
Epoch 985
Validation rmse = 5.092115
Epoch 986
Validation rmse = 5.008305
Epoch 987
Loss = 1.6786e-02, PNorm = 39.5434, GNorm = 0.3967, lr_0 = 1.0000e-04
Loss = 1.1552e-02, PNorm = 39.5435, GNorm = 1.5354, lr_0 = 1.0000e-04
Validation rmse = 5.119357
Epoch 988
Validation rmse = 5.048128
Epoch 989
Validation rmse = 5.111463
Epoch 990
Validation rmse = 5.106990
Epoch 991
Loss = 1.2902e-02, PNorm = 39.5454, GNorm = 0.6376, lr_0 = 1.0000e-04
Validation rmse = 5.012947
Epoch 992
Validation rmse = 5.085329
Epoch 993
Validation rmse = 5.081955
Epoch 994
Validation rmse = 5.085070
Epoch 995
Loss = 1.6602e-02, PNorm = 39.5471, GNorm = 3.0650, lr_0 = 1.0000e-04
Validation rmse = 5.119892
Epoch 996
Validation rmse = 5.105141
Epoch 997
Validation rmse = 5.195997
Epoch 998
Validation rmse = 5.072113
Epoch 999
Loss = 1.5595e-02, PNorm = 39.5488, GNorm = 1.2029, lr_0 = 1.0000e-04
Validation rmse = 5.096479
Model 0 best validation rmse = 3.565785 on epoch 16
Loading pretrained parameter "encoder.encoder.0.cached_zero_vector".
Loading pretrained parameter "encoder.encoder.0.W_i.weight".
Loading pretrained parameter "encoder.encoder.0.W_h.weight".
Loading pretrained parameter "encoder.encoder.0.W_o.weight".
Loading pretrained parameter "encoder.encoder.0.W_o.bias".
Loading pretrained parameter "ffn.1.weight".
Loading pretrained parameter "ffn.1.bias".
Loading pretrained parameter "ffn.4.weight".
Loading pretrained parameter "ffn.4.bias".
Model 0 test rmse = 4.964603
Ensemble test rmse = 4.964603
1-fold cross validation
	Seed 0 ==> test rmse = 4.964603
Overall test rmse = 4.964603 +/- 0.000000
Elapsed time = 0:08:43
Command line
python /Users/anthojen/opt/anaconda3/envs/NLP/bin/chemprop_train --data_path /Users/anthojen/Documents/EPFL_courses/ai_for_chemistry/project/AI-for-Chemistry/train_data.csv --dataset_type regression --save_dir /Users/anthojen/Documents/EPFL_courses/model_chemprop_first --metric rmse --split_sizes 0.7 0.1 0.2 --epochs 60 --init_lr 0.001 --max_lr 0.001 --final_lr 0.001 --warmup_epochs 0
Args
{'activation': 'ReLU',
 'adding_h': False,
 'aggregation': 'mean',
 'aggregation_norm': 100,
 'atom_descriptor_scaling': True,
 'atom_descriptors': None,
 'atom_descriptors_path': None,
 'atom_descriptors_size': 0,
 'atom_features_size': 0,
 'atom_messages': False,
 'batch_size': 50,
 'bias': False,
 'bias_solvent': False,
 'bond_feature_scaling': True,
 'bond_features_path': None,
 'bond_features_size': 0,
 'cache_cutoff': 10000,
 'checkpoint_dir': None,
 'checkpoint_frzn': None,
 'checkpoint_path': None,
 'checkpoint_paths': None,
 'class_balance': False,
 'config_path': None,
 'crossval_index_dir': None,
 'crossval_index_file': None,
 'crossval_index_sets': None,
 'cuda': False,
 'data_path': '/Users/anthojen/Documents/EPFL_courses/ai_for_chemistry/project/AI-for-Chemistry/train_data.csv',
 'data_weights_path': None,
 'dataset_type': 'regression',
 'depth': 3,
 'depth_solvent': 3,
 'device': device(type='cpu'),
 'dropout': 0.0,
 'empty_cache': False,
 'ensemble_size': 1,
 'epochs': 60,
 'evidential_regularization': 0,
 'explicit_h': False,
 'extra_metrics': [],
 'features_generator': None,
 'features_only': False,
 'features_path': None,
 'features_scaling': True,
 'features_size': None,
 'ffn_hidden_size': 300,
 'ffn_num_layers': 2,
 'final_lr': 0.001,
 'folds_file': None,
 'freeze_first_only': False,
 'frzn_ffn_layers': 0,
 'gpu': None,
 'grad_clip': None,
 'hidden_size': 300,
 'hidden_size_solvent': 300,
 'ignore_columns': None,
 'init_lr': 0.001,
 'log_frequency': 10,
 'loss_function': 'mse',
 'max_data_size': None,
 'max_lr': 0.001,
 'metric': 'rmse',
 'metrics': ['rmse'],
 'minimize_score': True,
 'mpn_shared': False,
 'multiclass_num_classes': 3,
 'no_atom_descriptor_scaling': False,
 'no_bond_features_scaling': False,
 'no_cache_mol': False,
 'no_cuda': False,
 'no_features_scaling': False,
 'num_folds': 1,
 'num_lrs': 1,
 'num_tasks': 1,
 'num_workers': 8,
 'number_of_molecules': 1,
 'overwrite_default_atom_features': False,
 'overwrite_default_bond_features': False,
 'phase_features_path': None,
 'pytorch_seed': 0,
 'quiet': False,
 'reaction': False,
 'reaction_mode': 'reac_diff',
 'reaction_solvent': False,
 'resume_experiment': False,
 'save_dir': '/Users/anthojen/Documents/EPFL_courses/model_chemprop_first',
 'save_preds': False,
 'save_smiles_splits': False,
 'seed': 0,
 'separate_test_atom_descriptors_path': None,
 'separate_test_bond_features_path': None,
 'separate_test_features_path': None,
 'separate_test_path': None,
 'separate_test_phase_features_path': None,
 'separate_val_atom_descriptors_path': None,
 'separate_val_bond_features_path': None,
 'separate_val_features_path': None,
 'separate_val_path': None,
 'separate_val_phase_features_path': None,
 'show_individual_scores': False,
 'smiles_columns': ['SMILES'],
 'spectra_activation': 'exp',
 'spectra_phase_mask_path': None,
 'spectra_target_floor': 1e-08,
 'split_key_molecule': 0,
 'split_sizes': [0.7, 0.1, 0.2],
 'split_type': 'random',
 'target_columns': None,
 'target_weights': None,
 'task_names': ['PCE (%)'],
 'test': False,
 'test_fold_index': None,
 'train_data_size': None,
 'undirected': False,
 'use_input_features': False,
 'val_fold_index': None,
 'warmup_epochs': 0.0}
Setting molecule featurization parameters to default.
Loading data
Number of tasks = 1
Fold 0
Splitting data with seed 0
Total size = 154 | train size = 107 | val size = 16 | test size = 31
Fitting scaler
Building model 0
MoleculeModel(
  (encoder): MPN(
    (encoder): ModuleList(
      (0): MPNEncoder(
        (dropout_layer): Dropout(p=0.0, inplace=False)
        (act_func): ReLU()
        (W_i): Linear(in_features=147, out_features=300, bias=False)
        (W_h): Linear(in_features=300, out_features=300, bias=False)
        (W_o): Linear(in_features=433, out_features=300, bias=True)
      )
    )
  )
  (ffn): Sequential(
    (0): Dropout(p=0.0, inplace=False)
    (1): Linear(in_features=300, out_features=300, bias=True)
    (2): ReLU()
    (3): Dropout(p=0.0, inplace=False)
    (4): Linear(in_features=300, out_features=1, bias=True)
  )
)
Number of parameters = 355,201
Epoch 0
Validation rmse = 3.942407
Epoch 1
Validation rmse = 4.306055
Epoch 2
Validation rmse = 3.320688
Epoch 3
Validation rmse = 3.311621
Epoch 4
Loss = 1.0400e+00, PNorm = 34.0593, GNorm = 2.3115, lr_0 = 1.0000e-03
Loss = 6.0963e-01, PNorm = 34.0636, GNorm = 3.4362, lr_0 = 1.0000e-03
Validation rmse = 3.520151
Epoch 5
Validation rmse = 3.666146
Epoch 6
Validation rmse = 3.580071
Epoch 7
Validation rmse = 3.326801
Epoch 8
Validation rmse = 3.418618
Epoch 9
Loss = 6.6611e-01, PNorm = 34.1096, GNorm = 1.2336, lr_0 = 1.0000e-03
Validation rmse = 3.608526
Epoch 10
Validation rmse = 3.582868
Epoch 11
Validation rmse = 3.370564
Epoch 12
Validation rmse = 3.283872
Epoch 13
Validation rmse = 3.298710
Epoch 14
Loss = 8.6432e-01, PNorm = 34.1515, GNorm = 3.0758, lr_0 = 1.0000e-03
Validation rmse = 3.279394
Epoch 15
Validation rmse = 3.443313
Epoch 16
Validation rmse = 3.745901
Epoch 17
Validation rmse = 3.717673
Epoch 18
Loss = 1.0164e+00, PNorm = 34.1969, GNorm = 0.4405, lr_0 = 1.0000e-03
Loss = 5.2109e-01, PNorm = 34.2016, GNorm = 0.4395, lr_0 = 1.0000e-03
Validation rmse = 3.591945
Epoch 19
Validation rmse = 3.429331
Epoch 20
Validation rmse = 3.357617
Epoch 21
Validation rmse = 3.501503
Epoch 22
Validation rmse = 3.770500
Epoch 23
Loss = 9.7263e-01, PNorm = 34.2668, GNorm = 1.5668, lr_0 = 1.0000e-03
Validation rmse = 3.732268
Epoch 24
Validation rmse = 3.606300
Epoch 25
Validation rmse = 3.522277
Epoch 26
Validation rmse = 3.292085
Epoch 27
Validation rmse = 3.310530
Epoch 28
Loss = 1.1181e+00, PNorm = 34.3640, GNorm = 1.4862, lr_0 = 1.0000e-03
Validation rmse = 3.765435
Epoch 29
Validation rmse = 3.790747
Epoch 30
Validation rmse = 3.389466
Epoch 31
Validation rmse = 3.264859
Epoch 32
Loss = 9.6212e-01, PNorm = 34.4423, GNorm = 1.9032, lr_0 = 1.0000e-03
Loss = 5.2231e-01, PNorm = 34.4503, GNorm = 1.2950, lr_0 = 1.0000e-03
Validation rmse = 3.241057
Epoch 33
Validation rmse = 3.273162
Epoch 34
Validation rmse = 3.400156
Epoch 35
Validation rmse = 3.650485
Epoch 36
Validation rmse = 3.626004
Epoch 37
Loss = 1.2030e+00, PNorm = 34.5502, GNorm = 2.2513, lr_0 = 1.0000e-03
Validation rmse = 3.434278
Epoch 38
Validation rmse = 3.312131
Epoch 39
Validation rmse = 3.320215
Epoch 40
Validation rmse = 3.636881
Epoch 41
Validation rmse = 3.652936
Epoch 42
Loss = 8.4179e-01, PNorm = 34.6801, GNorm = 1.8115, lr_0 = 1.0000e-03
Validation rmse = 3.421666
Epoch 43
Validation rmse = 3.478203
Epoch 44
Validation rmse = 3.761386
Epoch 45
Validation rmse = 3.768229
Epoch 46
Loss = 8.0700e-01, PNorm = 34.8265, GNorm = 1.0176, lr_0 = 1.0000e-03
Loss = 5.5276e-01, PNorm = 34.8384, GNorm = 1.3615, lr_0 = 1.0000e-03
Validation rmse = 3.512161
Epoch 47
Validation rmse = 3.607289
Epoch 48
Validation rmse = 4.398813
Epoch 49
Validation rmse = 3.734155
Epoch 50
Validation rmse = 3.474554
Epoch 51
Loss = 9.6886e-01, PNorm = 35.0190, GNorm = 1.0986, lr_0 = 1.0000e-03
Validation rmse = 3.852283
Epoch 52
Validation rmse = 3.924416
Epoch 53
Validation rmse = 3.364943
Epoch 54
Validation rmse = 3.409410
Epoch 55
Validation rmse = 3.657760
Epoch 56
Loss = 5.2588e-01, PNorm = 35.2204, GNorm = 1.6026, lr_0 = 1.0000e-03
Validation rmse = 3.969410
Epoch 57
Validation rmse = 3.691197
Epoch 58
Validation rmse = 3.936715
Epoch 59
Validation rmse = 4.057415
Model 0 best validation rmse = 3.241057 on epoch 32
Loading pretrained parameter "encoder.encoder.0.cached_zero_vector".
Loading pretrained parameter "encoder.encoder.0.W_i.weight".
Loading pretrained parameter "encoder.encoder.0.W_h.weight".
Loading pretrained parameter "encoder.encoder.0.W_o.weight".
Loading pretrained parameter "encoder.encoder.0.W_o.bias".
Loading pretrained parameter "ffn.1.weight".
Loading pretrained parameter "ffn.1.bias".
Loading pretrained parameter "ffn.4.weight".
Loading pretrained parameter "ffn.4.bias".
Model 0 test rmse = 4.290757
Ensemble test rmse = 4.290757
1-fold cross validation
	Seed 0 ==> test rmse = 4.290757
Overall test rmse = 4.290757 +/- 0.000000
Elapsed time = 0:00:29
Command line
python /Users/anthojen/opt/anaconda3/envs/NLP/bin/chemprop_train --data_path /Users/anthojen/Documents/EPFL_courses/ai_for_chemistry/project/AI-for-Chemistry/train_data.csv --dataset_type regression --save_dir /Users/anthojen/Documents/EPFL_courses/model_chemprop_first --metric rmse --epochs 60 --init_lr 0.001 --max_lr 0.001 --final_lr 0.001 --warmup_epochs 0
Args
{'activation': 'ReLU',
 'adding_h': False,
 'aggregation': 'mean',
 'aggregation_norm': 100,
 'atom_descriptor_scaling': True,
 'atom_descriptors': None,
 'atom_descriptors_path': None,
 'atom_descriptors_size': 0,
 'atom_features_size': 0,
 'atom_messages': False,
 'batch_size': 50,
 'bias': False,
 'bias_solvent': False,
 'bond_feature_scaling': True,
 'bond_features_path': None,
 'bond_features_size': 0,
 'cache_cutoff': 10000,
 'checkpoint_dir': None,
 'checkpoint_frzn': None,
 'checkpoint_path': None,
 'checkpoint_paths': None,
 'class_balance': False,
 'config_path': None,
 'crossval_index_dir': None,
 'crossval_index_file': None,
 'crossval_index_sets': None,
 'cuda': False,
 'data_path': '/Users/anthojen/Documents/EPFL_courses/ai_for_chemistry/project/AI-for-Chemistry/train_data.csv',
 'data_weights_path': None,
 'dataset_type': 'regression',
 'depth': 3,
 'depth_solvent': 3,
 'device': device(type='cpu'),
 'dropout': 0.0,
 'empty_cache': False,
 'ensemble_size': 1,
 'epochs': 60,
 'evidential_regularization': 0,
 'explicit_h': False,
 'extra_metrics': [],
 'features_generator': None,
 'features_only': False,
 'features_path': None,
 'features_scaling': True,
 'features_size': None,
 'ffn_hidden_size': 300,
 'ffn_num_layers': 2,
 'final_lr': 0.001,
 'folds_file': None,
 'freeze_first_only': False,
 'frzn_ffn_layers': 0,
 'gpu': None,
 'grad_clip': None,
 'hidden_size': 300,
 'hidden_size_solvent': 300,
 'ignore_columns': None,
 'init_lr': 0.001,
 'log_frequency': 10,
 'loss_function': 'mse',
 'max_data_size': None,
 'max_lr': 0.001,
 'metric': 'rmse',
 'metrics': ['rmse'],
 'minimize_score': True,
 'mpn_shared': False,
 'multiclass_num_classes': 3,
 'no_atom_descriptor_scaling': False,
 'no_bond_features_scaling': False,
 'no_cache_mol': False,
 'no_cuda': False,
 'no_features_scaling': False,
 'num_folds': 1,
 'num_lrs': 1,
 'num_tasks': 1,
 'num_workers': 8,
 'number_of_molecules': 1,
 'overwrite_default_atom_features': False,
 'overwrite_default_bond_features': False,
 'phase_features_path': None,
 'pytorch_seed': 0,
 'quiet': False,
 'reaction': False,
 'reaction_mode': 'reac_diff',
 'reaction_solvent': False,
 'resume_experiment': False,
 'save_dir': '/Users/anthojen/Documents/EPFL_courses/model_chemprop_first',
 'save_preds': False,
 'save_smiles_splits': False,
 'seed': 0,
 'separate_test_atom_descriptors_path': None,
 'separate_test_bond_features_path': None,
 'separate_test_features_path': None,
 'separate_test_path': None,
 'separate_test_phase_features_path': None,
 'separate_val_atom_descriptors_path': None,
 'separate_val_bond_features_path': None,
 'separate_val_features_path': None,
 'separate_val_path': None,
 'separate_val_phase_features_path': None,
 'show_individual_scores': False,
 'smiles_columns': ['SMILES'],
 'spectra_activation': 'exp',
 'spectra_phase_mask_path': None,
 'spectra_target_floor': 1e-08,
 'split_key_molecule': 0,
 'split_sizes': [0.8, 0.1, 0.1],
 'split_type': 'random',
 'target_columns': None,
 'target_weights': None,
 'task_names': ['PCE (%)'],
 'test': False,
 'test_fold_index': None,
 'train_data_size': None,
 'undirected': False,
 'use_input_features': False,
 'val_fold_index': None,
 'warmup_epochs': 0.0}
Setting molecule featurization parameters to default.
Loading data
Number of tasks = 1
Fold 0
Splitting data with seed 0
Total size = 154 | train size = 123 | val size = 15 | test size = 16
Fitting scaler
Building model 0
MoleculeModel(
  (encoder): MPN(
    (encoder): ModuleList(
      (0): MPNEncoder(
        (dropout_layer): Dropout(p=0.0, inplace=False)
        (act_func): ReLU()
        (W_i): Linear(in_features=147, out_features=300, bias=False)
        (W_h): Linear(in_features=300, out_features=300, bias=False)
        (W_o): Linear(in_features=433, out_features=300, bias=True)
      )
    )
  )
  (ffn): Sequential(
    (0): Dropout(p=0.0, inplace=False)
    (1): Linear(in_features=300, out_features=300, bias=True)
    (2): ReLU()
    (3): Dropout(p=0.0, inplace=False)
    (4): Linear(in_features=300, out_features=1, bias=True)
  )
)
Number of parameters = 355,201
Epoch 0
Validation rmse = 5.581801
Epoch 1
Validation rmse = 4.591792
Epoch 2
Validation rmse = 3.864982
Epoch 3
Validation rmse = 3.906545
Epoch 4
Loss = 8.1036e-01, PNorm = 34.0492, GNorm = 0.2858, lr_0 = 1.0000e-03
Validation rmse = 3.985439
Epoch 5
Validation rmse = 3.920400
Epoch 6
Validation rmse = 3.681086
Epoch 7
Validation rmse = 3.795567
Epoch 8
Loss = 8.0864e-01, PNorm = 34.0961, GNorm = 1.3470, lr_0 = 1.0000e-03
Validation rmse = 3.950433
Epoch 9
Validation rmse = 3.825130
Epoch 10
Validation rmse = 3.686461
Epoch 11
Validation rmse = 3.654480
Epoch 12
Loss = 1.0620e+00, PNorm = 34.1389, GNorm = 1.5668, lr_0 = 1.0000e-03
Validation rmse = 3.674270
Epoch 13
Validation rmse = 3.854861
Epoch 14
Validation rmse = 3.766274
Epoch 15
Validation rmse = 3.614954
Epoch 16
Loss = 8.0010e-01, PNorm = 34.1889, GNorm = 0.9230, lr_0 = 1.0000e-03
Validation rmse = 3.595510
Epoch 17
Validation rmse = 3.635387
Epoch 18
Validation rmse = 3.927488
Epoch 19
Validation rmse = 3.896732
Epoch 20
Loss = 9.3158e-01, PNorm = 34.2557, GNorm = 2.0687, lr_0 = 1.0000e-03
Validation rmse = 3.802621
Epoch 21
Validation rmse = 3.559038
Epoch 22
Validation rmse = 3.688003
Epoch 23
Validation rmse = 4.142395
Epoch 24
Loss = 6.4533e-01, PNorm = 34.3427, GNorm = 1.4831, lr_0 = 1.0000e-03
Validation rmse = 4.092343
Epoch 25
Validation rmse = 3.825346
Epoch 26
Validation rmse = 3.655252
Epoch 27
Validation rmse = 3.671798
Epoch 28
Loss = 9.6460e-01, PNorm = 34.4702, GNorm = 1.3253, lr_0 = 1.0000e-03
Validation rmse = 3.700997
Epoch 29
Validation rmse = 3.925665
Epoch 30
Validation rmse = 3.865912
Epoch 31
Validation rmse = 4.001744
Epoch 32
Loss = 8.8131e-01, PNorm = 34.6098, GNorm = 1.9068, lr_0 = 1.0000e-03
Validation rmse = 3.717586
Epoch 33
Validation rmse = 3.601960
Epoch 34
Validation rmse = 4.062760
Epoch 35
Validation rmse = 4.064795
Epoch 36
Loss = 8.4105e-01, PNorm = 34.7477, GNorm = 0.7315, lr_0 = 1.0000e-03
Validation rmse = 3.660921
Epoch 37
Validation rmse = 3.803321
Epoch 38
Validation rmse = 3.868615
Epoch 39
Validation rmse = 3.983574
Epoch 40
Loss = 6.5369e-01, PNorm = 34.9154, GNorm = 2.9133, lr_0 = 1.0000e-03
Loss = 9.6921e-01, PNorm = 34.9286, GNorm = 2.0354, lr_0 = 1.0000e-03
Validation rmse = 4.055552
Epoch 41
Validation rmse = 4.035064
Epoch 42
Validation rmse = 3.772506
Epoch 43
Validation rmse = 4.240458
Epoch 44
Loss = 7.2973e-01, PNorm = 35.0792, GNorm = 3.5338, lr_0 = 1.0000e-03
Loss = 3.3353e-01, PNorm = 35.0922, GNorm = 1.3511, lr_0 = 1.0000e-03
Validation rmse = 3.746004
Epoch 45
Validation rmse = 5.192582
Epoch 46
Validation rmse = 3.619614
Epoch 47
Validation rmse = 3.929390
Epoch 48
Loss = 5.5844e-01, PNorm = 35.2391, GNorm = 2.7515, lr_0 = 1.0000e-03
Loss = 1.0327e+00, PNorm = 35.2516, GNorm = 8.7877, lr_0 = 1.0000e-03
Validation rmse = 3.724475
Epoch 49
Validation rmse = 3.842387
Epoch 50
Validation rmse = 4.012490
Epoch 51
Validation rmse = 3.645041
Epoch 52
Loss = 6.5295e-01, PNorm = 35.4253, GNorm = 5.1133, lr_0 = 1.0000e-03
Validation rmse = 3.922435
Epoch 53
Validation rmse = 3.848285
Epoch 54
Validation rmse = 4.446244
Epoch 55
Validation rmse = 3.832518
Epoch 56
Loss = 5.1633e-01, PNorm = 35.5991, GNorm = 4.5487, lr_0 = 1.0000e-03
Validation rmse = 4.299342
Epoch 57
Validation rmse = 3.807023
Epoch 58
Validation rmse = 4.002946
Epoch 59
Validation rmse = 4.298719
Model 0 best validation rmse = 3.559038 on epoch 21
Loading pretrained parameter "encoder.encoder.0.cached_zero_vector".
Loading pretrained parameter "encoder.encoder.0.W_i.weight".
Loading pretrained parameter "encoder.encoder.0.W_h.weight".
Loading pretrained parameter "encoder.encoder.0.W_o.weight".
Loading pretrained parameter "encoder.encoder.0.W_o.bias".
Loading pretrained parameter "ffn.1.weight".
Loading pretrained parameter "ffn.1.bias".
Loading pretrained parameter "ffn.4.weight".
Loading pretrained parameter "ffn.4.bias".
Model 0 test rmse = 4.742420
Ensemble test rmse = 4.742420
1-fold cross validation
	Seed 0 ==> test rmse = 4.742420
Overall test rmse = 4.742420 +/- 0.000000
Elapsed time = 0:00:33
